<?xml version="1.0" encoding="UTF-8"?>
<testsuites name="nextest-run" tests="3026" failures="0" errors="0" uuid="0fd38815-eef8-411d-b5aa-2f722af55676" timestamp="2026-09-11T13:23:49.368+02:00" time="232.962">
    <testsuite name="hydracache" tests="210" disabled="0" errors="0" failures="0">
        <testcase name="cache::tests::lazy_key_event_tags_are_built_for_observed_mutations" classname="hydracache" timestamp="2026-09-11T13:23:49.371+02:00" time="0.004">
        </testcase>
        <testcase name="cache::tests::flush_completes_store_maintenance_and_releases_tag_index_state" classname="hydracache" timestamp="2026-09-11T13:23:49.371+02:00" time="0.005">
        </testcase>
        <testcase name="cache::tests::geometric_put_remove_flush_cycles_return_retained_owners_to_baseline" classname="hydracache" timestamp="2026-09-11T13:23:49.371+02:00" time="0.007">
        </testcase>
        <testcase name="cache::tests::lazy_key_event_tags_are_not_built_without_subscribers" classname="hydracache" timestamp="2026-09-11T13:23:49.375+02:00" time="0.004">
        </testcase>
        <testcase name="cache::tests::lazy_key_event_tags_respect_disabled_access_events" classname="hydracache" timestamp="2026-09-11T13:23:49.375+02:00" time="0.004">
        </testcase>
        <testcase name="cluster::tests::admission_bridge_allows_role_transition_for_same_generation" classname="hydracache" timestamp="2026-09-11T13:23:49.377+02:00" time="0.004">
        </testcase>
        <testcase name="cluster::tests::admission_bridge_config_normalizes_zero_interval_and_member_filter" classname="hydracache" timestamp="2026-09-11T13:23:49.379+02:00" time="0.004">
        </testcase>
        <testcase name="cluster::tests::admission_bridge_diagnostics_record_events_without_double_counting_failures" classname="hydracache" timestamp="2026-09-11T13:23:49.381+02:00" time="0.004">
        </testcase>
        <testcase name="cluster::tests::admission_bridge_background_loop_can_shutdown_gracefully" classname="hydracache" timestamp="2026-09-11T13:23:49.379+02:00" time="0.008">
        </testcase>
        <testcase name="cluster::tests::admission_bridge_handle_drop_requests_shutdown_and_records_stop" classname="hydracache" timestamp="2026-09-11T13:23:49.383+02:00" time="0.007">
        </testcase>
        <testcase name="cluster::tests::admission_bridge_rejects_stale_candidate_before_control_plane_write" classname="hydracache" timestamp="2026-09-11T13:23:49.385+02:00" time="0.005">
        </testcase>
        <testcase name="cluster::tests::admission_bridge_respects_role_filters_and_ignores_local_candidates" classname="hydracache" timestamp="2026-09-11T13:23:49.387+02:00" time="0.007">
        </testcase>
        <testcase name="cluster::tests::candidate_carries_generation_endpoints_and_metadata" classname="hydracache" timestamp="2026-09-11T13:23:49.390+02:00" time="0.004">
        </testcase>
        <testcase name="cluster::tests::admission_bridge_run_once_admits_candidates_and_deduplicates_generation" classname="hydracache" timestamp="2026-09-11T13:23:49.390+02:00" time="0.005">
        </testcase>
        <testcase name="cache::tests::geometric_ttl_expiry_releases_store_and_tag_memberships" classname="hydracache" timestamp="2026-09-11T13:23:49.371+02:00" time="0.027">
        </testcase>
        <testcase name="cluster::tests::client_to_member_promotion_moves_node_between_role_sets" classname="hydracache" timestamp="2026-09-11T13:23:49.394+02:00" time="0.004">
        </testcase>
        <testcase name="cluster::tests::closed_membership_subscriber_and_display_errors_are_observable" classname="hydracache" timestamp="2026-09-11T13:23:49.395+02:00" time="0.004">
        </testcase>
        <testcase name="cluster::tests::component_failure_sets_last_error_and_failed_status" classname="hydracache" timestamp="2026-09-11T13:23:49.398+02:00" time="0.004">
        </testcase>
        <testcase name="cluster::tests::chitchat_style_discovery_satisfies_trait_and_seed_metadata_paths" classname="hydracache" timestamp="2026-09-11T13:23:49.394+02:00" time="0.009">
        </testcase>
        <testcase name="cluster::tests::component_stop_records_graceful_stop" classname="hydracache" timestamp="2026-09-11T13:23:49.399+02:00" time="0.004">
        </testcase>
        <testcase name="cluster::tests::component_start_is_idempotent" classname="hydracache" timestamp="2026-09-11T13:23:49.398+02:00" time="0.006">
        </testcase>
        <testcase name="cluster::tests::discovery_events_keep_candidate_and_liveness_information" classname="hydracache" timestamp="2026-09-11T13:23:49.403+02:00" time="0.003">
        </testcase>
        <testcase name="cluster::tests::discovery_diagnostics_helpers_report_candidate_and_event_counts" classname="hydracache" timestamp="2026-09-11T13:23:49.402+02:00" time="0.006">
        </testcase>
        <testcase name="cluster::tests::diagnostics_report_counts_bootstrap_and_subscribers" classname="hydracache" timestamp="2026-09-11T13:23:49.402+02:00" time="0.007">
        </testcase>
        <testcase name="cluster::tests::endpoints_builder_sets_advertised_addresses" classname="hydracache" timestamp="2026-09-11T13:23:49.404+02:00" time="0.005">
        </testcase>
        <testcase name="cluster::tests::fill_counters_are_mutually_exclusive_per_event" classname="hydracache" timestamp="2026-09-11T13:23:49.407+02:00" time="0.005">
        </testcase>
        <testcase name="cluster::tests::fill_hot_cache_hit_increments_only_hot_counter" classname="hydracache" timestamp="2026-09-11T13:23:49.409+02:00" time="0.004">
        </testcase>
        <testcase name="cluster::tests::fill_remote_fetch_increments_only_remote_counter" classname="hydracache" timestamp="2026-09-11T13:23:49.409+02:00" time="0.004">
        </testcase>
        <testcase name="cluster::tests::fill_owner_load_increments_only_owner_counter" classname="hydracache" timestamp="2026-09-11T13:23:49.409+02:00" time="0.004">
        </testcase>
        <testcase name="cluster::tests::generation_ordering_tracks_restarts" classname="hydracache" timestamp="2026-09-11T13:23:49.412+02:00" time="0.004">
        </testcase>
        <testcase name="cluster::tests::in_memory_cluster_admits_members_and_clients" classname="hydracache" timestamp="2026-09-11T13:23:49.412+02:00" time="0.004">
        </testcase>
        <testcase name="cluster::tests::in_memory_cluster_allows_generation_upgrade_and_advances_epoch" classname="hydracache" timestamp="2026-09-11T13:23:49.413+02:00" time="0.006">
        </testcase>
        <testcase name="cluster::tests::in_memory_cluster_resolves_key_owner_from_admitted_members" classname="hydracache" timestamp="2026-09-11T13:23:49.416+02:00" time="0.004">
        </testcase>
        <testcase name="cluster::tests::in_memory_cluster_satisfies_control_plane_contract" classname="hydracache" timestamp="2026-09-11T13:23:49.417+02:00" time="0.004">
        </testcase>
        <testcase name="cluster::tests::in_memory_cluster_rejects_stale_generation" classname="hydracache" timestamp="2026-09-11T13:23:49.413+02:00" time="0.008">
        </testcase>
        <testcase name="cluster::tests::in_memory_discovery_records_candidates_and_liveness_events" classname="hydracache" timestamp="2026-09-11T13:23:49.418+02:00" time="0.005">
        </testcase>
        <testcase name="cluster::tests::in_memory_discovery_satisfies_discovery_contract" classname="hydracache" timestamp="2026-09-11T13:23:49.420+02:00" time="0.004">
        </testcase>
        <testcase name="cluster::tests::leave_rejects_stale_generation_without_removing_newer_node" classname="hydracache" timestamp="2026-09-11T13:23:49.421+02:00" time="0.004">
        </testcase>
        <testcase name="cluster::tests::in_memory_peer_fetch_returns_hits_misses_and_removes_values" classname="hydracache" timestamp="2026-09-11T13:23:49.421+02:00" time="0.005">
        </testcase>
        <testcase name="cluster::tests::leave_removes_clients_without_advancing_epoch_and_members_with_epoch" classname="hydracache" timestamp="2026-09-11T13:23:49.423+02:00" time="0.004">
        </testcase>
        <testcase name="cluster::tests::lifecycle_diagnostics_report_failure_and_running_constructor" classname="hydracache" timestamp="2026-09-11T13:23:49.424+02:00" time="0.004">
        </testcase>
        <testcase name="cluster::tests::lifecycle_diagnostics_track_start_stop_and_helpers" classname="hydracache" timestamp="2026-09-11T13:23:49.425+02:00" time="0.004">
        </testcase>
        <testcase name="cluster::tests::membership_subscriber_receives_join_leave_and_stale_rejection_events" classname="hydracache" timestamp="2026-09-11T13:23:49.427+02:00" time="0.004">
        </testcase>
        <testcase name="cluster::tests::membership_subscriber_reports_lag_for_slow_consumers" classname="hydracache" timestamp="2026-09-11T13:23:49.428+02:00" time="0.004">
        </testcase>
        <testcase name="cluster::tests::node_id_formats_and_converts_from_strings" classname="hydracache" timestamp="2026-09-11T13:23:49.429+02:00" time="0.003">
        </testcase>
        <testcase name="cluster::tests::load_report_totals_health_and_json_shape_are_stable" classname="hydracache" timestamp="2026-09-11T13:23:49.425+02:00" time="0.008">
        </testcase>
        <testcase name="cluster::tests::ownership_decision_builds_peer_fetch_request_for_owner" classname="hydracache" timestamp="2026-09-11T13:23:49.431+02:00" time="0.004">
        </testcase>
        <testcase name="cluster::tests::ownership_decision_without_owner_cannot_build_peer_fetch_request" classname="hydracache" timestamp="2026-09-11T13:23:49.432+02:00" time="0.004">
        </testcase>
        <testcase name="cluster::tests::ownership_ignores_client_join_and_leave" classname="hydracache" timestamp="2026-09-11T13:23:49.433+02:00" time="0.005">
        </testcase>
        <testcase name="cluster::tests::ownership_moves_when_owner_member_leaves_and_returns_on_rejoin" classname="hydracache" timestamp="2026-09-11T13:23:49.433+02:00" time="0.005">
        </testcase>
        <testcase name="cluster::tests::peer_fetch_request_reports_generation_mismatch" classname="hydracache" timestamp="2026-09-11T13:23:49.435+02:00" time="0.004">
        </testcase>
        <testcase name="cluster::tests::peer_fetch_endpoint_metadata_is_carried_to_member" classname="hydracache" timestamp="2026-09-11T13:23:49.435+02:00" time="0.005">
        </testcase>
        <testcase name="cluster::tests::recent_gossip_reset_downgrades_health_to_degraded" classname="hydracache" timestamp="2026-09-11T13:23:49.438+02:00" time="0.004">
        </testcase>
        <testcase name="cluster::tests::rendezvous_ownership_resolver_selects_stable_member_owner" classname="hydracache" timestamp="2026-09-11T13:23:49.439+02:00" time="0.004">
        </testcase>
        <testcase name="cluster::tests::rendezvous_ownership_resolver_reports_no_owner_without_members" classname="hydracache" timestamp="2026-09-11T13:23:49.438+02:00" time="0.005">
        </testcase>
        <testcase name="cluster::tests::role_marks_only_members_as_future_voters" classname="hydracache" timestamp="2026-09-11T13:23:49.440+02:00" time="0.005">
        </testcase>
        <testcase name="cluster::tests::staging_health_decode_error_is_not_ready" classname="hydracache" timestamp="2026-09-11T13:23:49.441+02:00" time="0.004">
        </testcase>
        <testcase name="cluster::tests::staging_health_lagged_receiver_is_degraded" classname="hydracache" timestamp="2026-09-11T13:23:49.443+02:00" time="0.004">
        </testcase>
        <testcase name="cluster::tests::staging_health_healthy_cluster_is_healthy" classname="hydracache" timestamp="2026-09-11T13:23:49.443+02:00" time="0.004">
        </testcase>
        <testcase name="cluster::tests::staging_health_stale_generation_alone_stays_healthy" classname="hydracache" timestamp="2026-09-11T13:23:49.446+02:00" time="0.004">
        </testcase>
        <testcase name="cluster::tests::staging_health_local_role_returns_none" classname="hydracache" timestamp="2026-09-11T13:23:49.445+02:00" time="0.005">
        </testcase>
        <testcase name="cluster::tests::stale_member_candidate_does_not_replace_owner_generation" classname="hydracache" timestamp="2026-09-11T13:23:49.447+02:00" time="0.004">
        </testcase>
        <testcase name="cluster::tests::staging_health_stopped_lifecycle_is_not_ready" classname="hydracache" timestamp="2026-09-11T13:23:49.447+02:00" time="0.005">
        </testcase>
        <testcase name="events::tests::preflight_keeps_access_events_disabled_until_enabled" classname="hydracache" timestamp="2026-09-11T13:23:49.449+02:00" time="0.004">
        </testcase>
        <testcase name="events::tests::preflight_requires_an_active_subscriber" classname="hydracache" timestamp="2026-09-11T13:23:49.450+02:00" time="0.004">
        </testcase>
        <testcase name="inflight::tests::zero_waiter_load_is_replaced_instead_of_resurrected" classname="hydracache" timestamp="2026-09-11T13:23:49.452+02:00" time="0.005">
        </testcase>
        <testcase name="invalidation_bus::frame_version_compat::frame_version_compat_current_wire_version_round_trips" classname="hydracache" timestamp="2026-09-11T13:23:49.453+02:00" time="0.004">
        </testcase>
        <testcase name="inflight::tests::insert_or_get_current_returns_existing_load_for_same_generation" classname="hydracache" timestamp="2026-09-11T13:23:49.451+02:00" time="0.006">
        </testcase>
        <testcase name="invalidation_bus::frame_version_compat::frame_version_compat_future_wire_version_fails_closed" classname="hydracache" timestamp="2026-09-11T13:23:49.454+02:00" time="0.004">
        </testcase>
        <testcase name="invalidation_bus::tests::framed_bus_close_wakes_receivers_and_rejects_publishes" classname="hydracache" timestamp="2026-09-11T13:23:49.457+02:00" time="0.004">
        </testcase>
        <testcase name="invalidation_bus::tests::framed_bus_reports_decode_errors_without_closing_receiver" classname="hydracache" timestamp="2026-09-11T13:23:49.457+02:00" time="0.004">
        </testcase>
        <testcase name="invalidation_bus::tests::framed_bus_delivers_messages_through_binary_frames" classname="hydracache" timestamp="2026-09-11T13:23:49.457+02:00" time="0.004">
        </testcase>
        <testcase name="invalidation_bus::tests::in_memory_bus_default_and_receiver_count_are_observable" classname="hydracache" timestamp="2026-09-11T13:23:49.457+02:00" time="0.004">
        </testcase>
        <testcase name="invalidation_bus::tests::in_memory_bus_delivers_messages_to_subscribers" classname="hydracache" timestamp="2026-09-11T13:23:49.461+02:00" time="0.004">
        </testcase>
        <testcase name="invalidation_bus::tests::invalidation_frame_rejects_unsupported_encoding_version" classname="hydracache" timestamp="2026-09-11T13:23:49.461+02:00" time="0.003">
        </testcase>
        <testcase name="invalidation_bus::tests::in_memory_receiver_reports_lagged_messages_before_latest" classname="hydracache" timestamp="2026-09-11T13:23:49.461+02:00" time="0.005">
        </testcase>
        <testcase name="invalidation_bus::tests::in_memory_receiver_returns_none_when_bus_is_closed" classname="hydracache" timestamp="2026-09-11T13:23:49.461+02:00" time="0.006">
        </testcase>
        <testcase name="invalidation_bus::tests::invalidation_frame_roundtrips_transport_metadata_and_message" classname="hydracache" timestamp="2026-09-11T13:23:49.464+02:00" time="0.004">
        </testcase>
        <testcase name="invalidation_bus::tests::invalidation_helpers_expose_operation_metadata" classname="hydracache" timestamp="2026-09-11T13:23:49.465+02:00" time="0.004">
        </testcase>
        <testcase name="invalidation_bus::tests::invalidation_message_can_carry_cluster_generation" classname="hydracache" timestamp="2026-09-11T13:23:49.466+02:00" time="0.004">
        </testcase>
        <testcase name="invalidation_bus::tests::receive_helpers_describe_closed_and_message_states" classname="hydracache" timestamp="2026-09-11T13:23:49.467+02:00" time="0.003">
        </testcase>
        <testcase name="load_breaker::tests::policy_retention_limits_are_normalized_and_observable" classname="hydracache" timestamp="2026-09-11T13:23:49.468+02:00" time="0.003">
        </testcase>
        <testcase name="load_breaker::tests::saturation_never_evicts_an_open_breaker" classname="hydracache" timestamp="2026-09-11T13:23:49.470+02:00" time="0.004">
        </testcase>
        <testcase name="load_breaker::tests::success_releases_breaker_ownership" classname="hydracache" timestamp="2026-09-11T13:23:49.471+02:00" time="0.004">
        </testcase>
        <testcase name="memory_footprint::tests::concurrent_admin_read_is_marked_non_atomic" classname="hydracache" timestamp="2026-09-11T13:23:49.473+02:00" time="0.003">
        </testcase>
        <testcase name="memory_footprint::tests::exact_snapshot_rejects_epoch_mismatch" classname="hydracache" timestamp="2026-09-11T13:23:49.474+02:00" time="0.003">
        </testcase>
        <testcase name="memory_footprint::tests::hidden_secondary_index_mismatch_fails_loud" classname="hydracache" timestamp="2026-09-11T13:23:49.477+02:00" time="0.003">
        </testcase>
        <testcase name="memory_footprint::tests::retained_estimator_overflow_is_fail_loud" classname="hydracache" timestamp="2026-09-11T13:23:49.478+02:00" time="0.003">
        </testcase>
        <testcase name="load_breaker::tests::inactive_closed_entries_expire_without_touching_open_breakers" classname="hydracache" timestamp="2026-09-11T13:23:49.468+02:00" time="0.014">
        </testcase>
        <testcase name="refresh::tests::refresh_options_builder_sets_all_values" classname="hydracache" timestamp="2026-09-11T13:23:49.480+02:00" time="0.003">
        </testcase>
        <testcase name="refresh::tests::refresh_options_can_reuse_stale_while_revalidate_window_for_loader_errors" classname="hydracache" timestamp="2026-09-11T13:23:49.481+02:00" time="0.003">
        </testcase>
        <testcase name="refresh::tests::refresh_options_default_to_strict_cache_behavior" classname="hydracache" timestamp="2026-09-11T13:23:49.482+02:00" time="0.003">
        </testcase>
        <testcase name="tag_index::tests::clear_releases_all_index_maps_and_fences_old_loads" classname="hydracache" timestamp="2026-09-11T13:23:49.484+02:00" time="0.004">
        </testcase>
        <testcase name="tag_index::tests::invalidation_generations_are_observable_until_flush" classname="hydracache" timestamp="2026-09-11T13:23:49.485+02:00" time="0.005">
        </testcase>
        <testcase name="tag_index::tests::unregister_releases_empty_tag_memberships" classname="hydracache" timestamp="2026-09-11T13:23:49.487+02:00" time="0.007">
        </testcase>
        <testcase name="tests::cluster::builders_accept_control_plane_trait_objects" classname="hydracache" timestamp="2026-09-11T13:23:49.490+02:00" time="0.007">
        </testcase>
        <testcase name="tests::cluster::builders_accept_discovery_trait_objects" classname="hydracache" timestamp="2026-09-11T13:23:49.494+02:00" time="0.006">
        </testcase>
        <testcase name="tests::cluster::builders_return_custom_control_plane_admission_errors" classname="hydracache" timestamp="2026-09-11T13:23:49.496+02:00" time="0.005">
        </testcase>
        <testcase name="tests::cluster::builders_return_custom_discovery_errors_before_admission" classname="hydracache" timestamp="2026-09-11T13:23:49.500+02:00" time="0.004">
        </testcase>
        <testcase name="tests::cluster::cache_runtime_can_subscribe_to_cluster_membership_events" classname="hydracache" timestamp="2026-09-11T13:23:49.501+02:00" time="0.006">
        </testcase>
        <testcase name="tests::cluster::chitchat_style_discovery_records_seed_metadata_and_liveness_events" classname="hydracache" timestamp="2026-09-11T13:23:49.504+02:00" time="0.004">
        </testcase>
        <testcase name="tests::cluster::client_and_member_can_leave_cluster_without_clearing_local_cache" classname="hydracache" timestamp="2026-09-11T13:23:49.507+02:00" time="0.005">
        </testcase>
        <testcase name="load_breaker::tests::unique_one_shot_failures_stay_within_entry_budget" classname="hydracache" timestamp="2026-09-11T13:23:49.472+02:00" time="0.041">
        </testcase>
        <testcase name="tests::cluster::client_builder_can_create_isolated_cluster_runtime" classname="hydracache" timestamp="2026-09-11T13:23:49.508+02:00" time="0.005">
        </testcase>
        <testcase name="tests::cluster::cluster_rejects_stale_generation_for_same_node" classname="hydracache" timestamp="2026-09-11T13:23:49.513+02:00" time="0.004">
        </testcase>
        <testcase name="tests::cluster::diagnostics_helpers_describe_disconnected_control_plane_views" classname="hydracache" timestamp="2026-09-11T13:23:49.514+02:00" time="0.004">
        </testcase>
        <testcase name="tag_index::tests::unique_key_and_tag_tombstones_rotate_into_a_bounded_epoch" classname="hydracache" timestamp="2026-09-11T13:23:49.486+02:00" time="0.032">
        </testcase>
        <testcase name="tests::cluster::local_cache_has_no_cluster_diagnostics" classname="hydracache" timestamp="2026-09-11T13:23:49.517+02:00" time="0.004">
        </testcase>
        <testcase name="tests::cluster::member_and_client_builders_apply_cache_tuning_and_endpoint_metadata" classname="hydracache" timestamp="2026-09-11T13:23:49.517+02:00" time="0.005">
        </testcase>
        <testcase name="tests::cluster::member_and_client_builders_connect_to_shared_cluster" classname="hydracache" timestamp="2026-09-11T13:23:49.518+02:00" time="0.004">
        </testcase>
        <testcase name="tests::cluster::client_invalidation_reaches_member_cache" classname="hydracache" timestamp="2026-09-11T13:23:49.512+02:00" time="0.012">
        </testcase>
        <testcase name="tests::cluster::member_invalidation_reaches_client_near_cache" classname="hydracache" timestamp="2026-09-11T13:23:49.521+02:00" time="0.005">
        </testcase>
        <testcase name="tests::cluster::raft_style_metadata_control_plane_exposes_trait_paths_and_noop_leave" classname="hydracache" timestamp="2026-09-11T13:23:49.522+02:00" time="0.004">
        </testcase>
        <testcase name="tests::cluster::multi_node_cluster_propagates_invalidations_and_tracks_membership_changes" classname="hydracache" timestamp="2026-09-11T13:23:49.522+02:00" time="0.006">
        </testcase>
        <testcase name="tests::cluster::raft_style_metadata_control_plane_records_committed_membership_commands" classname="hydracache" timestamp="2026-09-11T13:23:49.523+02:00" time="0.005">
        </testcase>
        <testcase name="tests::cluster::staged_membership_replacement_is_atomic_and_preserves_live_channels" classname="hydracache" timestamp="2026-09-11T13:23:49.526+02:00" time="0.004">
        </testcase>
        <testcase name="tests::cluster::staged_membership_replacement_rejects_wrong_cluster_without_mutation" classname="hydracache" timestamp="2026-09-11T13:23:49.526+02:00" time="0.004">
        </testcase>
        <testcase name="tests::cluster::stale_runtime_cannot_leave_newer_generation" classname="hydracache" timestamp="2026-09-11T13:23:49.528+02:00" time="0.005">
        </testcase>
        <testcase name="tests::cluster::stale_runtime_cannot_publish_cluster_invalidation" classname="hydracache" timestamp="2026-09-11T13:23:49.530+02:00" time="0.005">
        </testcase>
        <testcase name="tests::concurrency::concurrent_loader_errors_are_shared_and_retry_is_possible" classname="hydracache" timestamp="2026-09-11T13:23:49.530+02:00" time="0.015">
        </testcase>
        <testcase name="tests::concurrency::stress_concurrent_loads_and_invalidations_stay_usable" classname="hydracache" timestamp="2026-09-11T13:23:49.533+02:00" time="0.012">
        </testcase>
        <testcase name="tests::concurrency::stress_concurrent_put_remove_flush_and_load_stays_usable" classname="hydracache" timestamp="2026-09-11T13:23:49.535+02:00" time="0.011">
        </testcase>
        <testcase name="tests::consistency::default_mode_is_eventual" classname="hydracache" timestamp="2026-09-11T13:23:49.546+02:00" time="0.003">
        </testcase>
        <testcase name="tests::consistency::degraded_mode_returns_stale_value_with_reason" classname="hydracache" timestamp="2026-09-11T13:23:49.546+02:00" time="0.004">
        </testcase>
        <testcase name="tests::consistency::degraded_outcome_shape" classname="hydracache" timestamp="2026-09-11T13:23:49.549+02:00" time="0.003">
        </testcase>
        <testcase name="tests::consistency::local_generation_prevents_stale_overwrite" classname="hydracache" timestamp="2026-09-11T13:23:49.550+02:00" time="0.004">
        </testcase>
        <testcase name="tests::consistency::strict_mode_does_not_return_pre_invalidation_value" classname="hydracache" timestamp="2026-09-11T13:23:49.554+02:00" time="0.004">
        </testcase>
        <testcase name="tests::consistency::quorum_waits_while_leader_still_fails_closed" classname="hydracache" timestamp="2026-09-11T13:23:49.553+02:00" time="0.007">
        </testcase>
        <testcase name="tests::concurrency::stress_concurrent_single_flight_same_key" classname="hydracache" timestamp="2026-09-11T13:23:49.546+02:00" time="0.017">
        </testcase>
        <testcase name="tests::consistency::token_carries_generation_namespace_origin" classname="hydracache" timestamp="2026-09-11T13:23:49.560+02:00" time="0.004">
        </testcase>
        <testcase name="tests::consistency::strict_mode_timeout_returns_explicit_error" classname="hydracache" timestamp="2026-09-11T13:23:49.558+02:00" time="0.007">
        </testcase>
        <testcase name="tests::consistency::wait_success_timeout_degraded_counters_move" classname="hydracache" timestamp="2026-09-11T13:23:49.563+02:00" time="0.004">
        </testcase>
        <testcase name="tests::events::access_callback_receives_events_when_access_events_are_enabled" classname="hydracache" timestamp="2026-09-11T13:23:49.564+02:00" time="0.004">
        </testcase>
        <testcase name="tests::events::access_events_can_be_enabled_for_miss_load_store_and_hit_flow" classname="hydracache" timestamp="2026-09-11T13:23:49.567+02:00" time="0.004">
        </testcase>
        <testcase name="tests::events::callback_listener_receives_events_and_unsubscribe_stops_delivery" classname="hydracache" timestamp="2026-09-11T13:23:49.567+02:00" time="0.004">
        </testcase>
        <testcase name="tests::events::event_subscriber_filters_by_kind_key_prefix_tag_and_origin" classname="hydracache" timestamp="2026-09-11T13:23:49.571+02:00" time="0.004">
        </testcase>
        <testcase name="tests::events::load_failed_event_is_emitted_when_access_events_are_enabled" classname="hydracache" timestamp="2026-09-11T13:23:49.571+02:00" time="0.004">
        </testcase>
        <testcase name="tests::events::next_event_skips_lag_and_returns_latest_matching_event" classname="hydracache" timestamp="2026-09-11T13:23:49.575+02:00" time="0.004">
        </testcase>
        <testcase name="tests::events::mutation_subscriber_receives_store_remove_invalidate_and_flush_events" classname="hydracache" timestamp="2026-09-11T13:23:49.575+02:00" time="0.004">
        </testcase>
        <testcase name="tests::events::shorthand_subscriptions_cover_mutations_access_key_and_tag_filters" classname="hydracache" timestamp="2026-09-11T13:23:49.579+02:00" time="0.004">
        </testcase>
        <testcase name="tests::events::single_flight_join_event_is_emitted_when_access_events_are_enabled" classname="hydracache" timestamp="2026-09-11T13:23:49.579+02:00" time="0.004">
        </testcase>
        <testcase name="tests::cluster::stale_bus_message_generation_is_rejected_by_cluster_receivers" classname="hydracache" timestamp="2026-09-11T13:23:49.528+02:00" time="0.057">
        </testcase>
        <testcase name="tests::events::slow_subscribers_report_lag_without_blocking_cache_operations" classname="hydracache" timestamp="2026-09-11T13:23:49.583+02:00" time="0.004">
        </testcase>
        <testcase name="tests::events::stale_load_discard_emits_event" classname="hydracache" timestamp="2026-09-11T13:23:49.583+02:00" time="0.004">
        </testcase>
        <testcase name="tests::events::subscriber_options_and_closed_errors_are_observable" classname="hydracache" timestamp="2026-09-11T13:23:49.584+02:00" time="0.004">
        </testcase>
        <testcase name="tests::events::typed_access_subscription_filters_to_namespace" classname="hydracache" timestamp="2026-09-11T13:23:49.586+02:00" time="0.004">
        </testcase>
        <testcase name="tests::events::typed_cache_helpers_scope_namespace_key_tag_and_callbacks" classname="hydracache" timestamp="2026-09-11T13:23:49.587+02:00" time="0.004">
        </testcase>
        <testcase name="tests::events::typed_cache_subscription_observes_physical_namespaced_keys" classname="hydracache" timestamp="2026-09-11T13:23:49.588+02:00" time="0.004">
        </testcase>
        <testcase name="tests::invalidation_bus::framed_bus_close_is_reported_in_cache_stats_and_publish_fails" classname="hydracache" timestamp="2026-09-11T13:23:49.590+02:00" time="0.015">
        </testcase>
        <testcase name="tests::invalidation_bus::framed_bus_decode_errors_are_reported_without_applying_invalidation" classname="hydracache" timestamp="2026-09-11T13:23:49.591+02:00" time="0.015">
        </testcase>
        <testcase name="tests::invalidation_bus::framed_bus_propagates_tag_invalidations_between_independent_runtimes" classname="hydracache" timestamp="2026-09-11T13:23:49.592+02:00" time="0.016">
        </testcase>
        <testcase name="tests::events::access_events_are_disabled_by_default" classname="hydracache" timestamp="2026-09-11T13:23:49.565+02:00" time="0.055">
        </testcase>
        <testcase name="tests::invalidation_bus::key_invalidation_is_published_even_when_source_does_not_hold_key" classname="hydracache" timestamp="2026-09-11T13:23:49.607+02:00" time="0.015">
        </testcase>
        <testcase name="tests::invalidation_bus::listener_exits_when_cache_inner_is_dropped" classname="hydracache" timestamp="2026-09-11T13:23:49.620+02:00" time="0.004">
        </testcase>
        <testcase name="tests::invalidation_bus::listener_spawn_without_bus_is_a_noop" classname="hydracache" timestamp="2026-09-11T13:23:49.623+02:00" time="0.004">
        </testcase>
        <testcase name="tests::invalidation_bus::manual_listener_can_shutdown_without_processing_messages" classname="hydracache" timestamp="2026-09-11T13:23:49.623+02:00" time="0.004">
        </testcase>
        <testcase name="tests::invalidation_bus::publish_failures_are_reported_in_stats_and_returned_to_caller" classname="hydracache" timestamp="2026-09-11T13:23:49.627+02:00" time="0.004">
        </testcase>
        <testcase name="tests::invalidation_bus::owned_bus_builder_generates_observable_node_id_and_handles_closed_receiver" classname="hydracache" timestamp="2026-09-11T13:23:49.627+02:00" time="0.015">
        </testcase>
        <testcase name="tests::invalidation_bus::receiver_lag_and_close_are_reported_in_stats" classname="hydracache" timestamp="2026-09-11T13:23:49.631+02:00" time="0.015">
        </testcase>
        <testcase name="tests::invalidation_bus::shared_bus_propagates_flush_without_echoing_back_to_source" classname="hydracache" timestamp="2026-09-11T13:23:49.646+02:00" time="0.015">
        </testcase>
        <testcase name="tests::invalidation_bus::self_originated_bus_messages_are_ignored_by_listener" classname="hydracache" timestamp="2026-09-11T13:23:49.642+02:00" time="0.025">
        </testcase>
        <testcase name="tests::invalidation_bus::framed_bus_reconnect_does_not_replay_already_applied_invalidation" classname="hydracache" timestamp="2026-09-11T13:23:49.605+02:00" time="0.067">
        </testcase>
        <testcase name="tests::invalidation_bus::framed_bus_stale_cluster_generation_is_rejected_before_apply" classname="hydracache" timestamp="2026-09-11T13:23:49.606+02:00" time="0.066">
        </testcase>
        <testcase name="tests::invalidation_safety::flush_and_multi_tag_invalidation_discard_stale_loads" classname="hydracache" timestamp="2026-09-11T13:23:49.672+02:00" time="0.004">
        </testcase>
        <testcase name="tests::invalidation_safety::invalidating_tag_during_load_discards_stale_store" classname="hydracache" timestamp="2026-09-11T13:23:49.673+02:00" time="0.004">
        </testcase>
        <testcase name="tests::invalidation_bus::shared_bus_propagates_tag_invalidations_between_cache_instances" classname="hydracache" timestamp="2026-09-11T13:23:49.661+02:00" time="0.016">
        </testcase>
        <testcase name="tests::invalidation_safety::invalidation_without_in_flight_loader_does_not_increment_stale_discards" classname="hydracache" timestamp="2026-09-11T13:23:49.676+02:00" time="0.004">
        </testcase>
        <testcase name="tests::invalidation_safety::post_invalidation_caller_starts_fresh_load" classname="hydracache" timestamp="2026-09-11T13:23:49.677+02:00" time="0.004">
        </testcase>
        <testcase name="tests::invalidation_bus::typed_cache_invalidation_uses_physical_keys_on_the_shared_bus" classname="hydracache" timestamp="2026-09-11T13:23:49.667+02:00" time="0.015">
        </testcase>
        <testcase name="tests::invalidation_safety::stale_load_does_not_overwrite_fresh_value" classname="hydracache" timestamp="2026-09-11T13:23:49.680+02:00" time="0.004">
        </testcase>
        <testcase name="tests::invalidation_safety::untagged_load_is_not_guarded_by_tag_generation" classname="hydracache" timestamp="2026-09-11T13:23:49.681+02:00" time="0.004">
        </testcase>
        <testcase name="tests::local_cache::builder_options_accept_small_limits_and_custom_codec" classname="hydracache" timestamp="2026-09-11T13:23:49.683+02:00" time="0.003">
        </testcase>
        <testcase name="tests::local_cache::cache_and_builder_derived_impls_are_usable" classname="hydracache" timestamp="2026-09-11T13:23:49.684+02:00" time="0.004">
        </testcase>
        <testcase name="tests::local_cache::cloned_cache_handles_share_state" classname="hydracache" timestamp="2026-09-11T13:23:49.685+02:00" time="0.003">
        </testcase>
        <testcase name="tests::local_cache::decode_error_invalidates_bad_entry" classname="hydracache" timestamp="2026-09-11T13:23:49.688+02:00" time="0.004">
        </testcase>
        <testcase name="tests::local_cache::diagnostics_explain_cache_activity_after_repeated_loads" classname="hydracache" timestamp="2026-09-11T13:23:49.688+02:00" time="0.004">
        </testcase>
        <testcase name="tests::local_cache::get_encoded_returns_stored_bytes_without_decoding" classname="hydracache" timestamp="2026-09-11T13:23:49.692+02:00" time="0.004">
        </testcase>
        <testcase name="tests::local_cache::get_missing_returns_none" classname="hydracache" timestamp="2026-09-11T13:23:49.696+02:00" time="0.004">
        </testcase>
        <testcase name="tests::local_cache::concurrent_misses_share_one_loader_execution" classname="hydracache" timestamp="2026-09-11T13:23:49.686+02:00" time="0.015">
        </testcase>
        <testcase name="tests::local_cache::get_or_load_loads_on_miss_and_uses_hit_afterward" classname="hydracache" timestamp="2026-09-11T13:23:49.699+02:00" time="0.004">
        </testcase>
        <testcase name="tests::local_cache::get_or_load_returns_oversize_value_without_storing_it" classname="hydracache" timestamp="2026-09-11T13:23:49.701+02:00" time="0.004">
        </testcase>
        <testcase name="tests::local_cache::invalidate_key_alias_removes_one_entry" classname="hydracache" timestamp="2026-09-11T13:23:49.705+02:00" time="0.004">
        </testcase>
        <testcase name="tests::local_cache::invalidate_tag_ignores_stale_tag_index_entries" classname="hydracache" timestamp="2026-09-11T13:23:49.708+02:00" time="0.004">
        </testcase>
        <testcase name="tests::invalidation_safety::per_entry_ttl_overrides_default_ttl" classname="hydracache" timestamp="2026-09-11T13:23:49.676+02:00" time="0.055">
        </testcase>
        <testcase name="tests::local_cache::loader_helpers_cover_infallible_and_fallible_paths" classname="hydracache" timestamp="2026-09-11T13:23:49.731+02:00" time="0.004">
        </testcase>
        <testcase name="tests::local_cache::get_encoded_removes_expired_entry" classname="hydracache" timestamp="2026-09-11T13:23:49.692+02:00" time="0.045">
        </testcase>
        <testcase name="tests::local_cache::overwriting_entry_removes_old_tag_mapping" classname="hydracache" timestamp="2026-09-11T13:23:49.735+02:00" time="0.004">
        </testcase>
        <testcase name="tests::local_cache::put_encoded_hydrates_bytes_and_participates_in_tag_invalidation" classname="hydracache" timestamp="2026-09-11T13:23:49.739+02:00" time="0.004">
        </testcase>
        <testcase name="tests::local_cache::put_rejects_encoded_entry_larger_than_max_entry_bytes" classname="hydracache" timestamp="2026-09-11T13:23:49.743+02:00" time="0.004">
        </testcase>
        <testcase name="tests::local_cache::get_removes_expired_entry" classname="hydracache" timestamp="2026-09-11T13:23:49.703+02:00" time="0.045">
        </testcase>
        <testcase name="tests::local_cache::put_then_get" classname="hydracache" timestamp="2026-09-11T13:23:49.747+02:00" time="0.004">
        </testcase>
        <testcase name="tests::local_cache::refresh_options_do_not_change_fresh_hits_before_refresh_ahead_threshold" classname="hydracache" timestamp="2026-09-11T13:23:49.751+02:00" time="0.004">
        </testcase>
        <testcase name="tests::local_cache::remove_invalidate_tag_and_flush_clear_expected_entries" classname="hydracache" timestamp="2026-09-11T13:23:49.755+02:00" time="0.004">
        </testcase>
        <testcase name="tests::local_cache::loader_error_without_stale_fallback_returns_error" classname="hydracache" timestamp="2026-09-11T13:23:49.712+02:00" time="0.050">
        </testcase>
        <testcase name="tests::local_cache::put_encoded_honors_entry_ttl" classname="hydracache" timestamp="2026-09-11T13:23:49.737+02:00" time="0.045">
        </testcase>
        <testcase name="tests::local_cache::stale_on_loader_error_returns_stale_when_refresh_fails" classname="hydracache" timestamp="2026-09-11T13:23:49.758+02:00" time="0.050">
        </testcase>
        <testcase name="tests::local_cache::stats_track_hits_misses_loads_invalidations" classname="hydracache" timestamp="2026-09-11T13:23:49.809+02:00" time="0.004">
        </testcase>
        <testcase name="tests::local_cache::ttl_expires_entry_and_contains_key_removes_it" classname="hydracache" timestamp="2026-09-11T13:23:49.812+02:00" time="0.045">
        </testcase>
        <testcase name="tests::typed_cache::typed_cache_diagnostics_delegate_to_shared_cache" classname="hydracache" timestamp="2026-09-11T13:23:49.858+02:00" time="0.004">
        </testcase>
        <testcase name="tests::typed_cache::typed_cache_escapes_builder_segments_and_handles_empty_builder" classname="hydracache" timestamp="2026-09-11T13:23:49.862+02:00" time="0.003">
        </testcase>
        <testcase name="tests::typed_cache::typed_cache_invalidation_during_load_discards_stale_store" classname="hydracache" timestamp="2026-09-11T13:23:49.865+02:00" time="0.004">
        </testcase>
        <testcase name="tests::typed_cache::typed_cache_key_builder_and_tag_set_integrate_with_runtime" classname="hydracache" timestamp="2026-09-11T13:23:49.870+02:00" time="0.004">
        </testcase>
        <testcase name="tests::typed_cache::typed_cache_loader_helpers_and_errors_work" classname="hydracache" timestamp="2026-09-11T13:23:49.874+02:00" time="0.004">
        </testcase>
        <testcase name="tests::local_cache::stale_window_expiry_forces_foreground_reload" classname="hydracache" timestamp="2026-09-11T13:23:49.782+02:00" time="0.096">
        </testcase>
        <testcase name="tests::typed_cache::typed_cache_post_invalidation_caller_starts_fresh_load" classname="hydracache" timestamp="2026-09-11T13:23:49.877+02:00" time="0.004">
        </testcase>
        <testcase name="tests::typed_cache::typed_cache_puts_gets_and_namespaces_keys" classname="hydracache" timestamp="2026-09-11T13:23:49.878+02:00" time="0.004">
        </testcase>
        <testcase name="tests::local_cache::stale_while_revalidate_returns_stale_and_refreshes_in_background" classname="hydracache" timestamp="2026-09-11T13:23:49.762+02:00" time="0.131">
        </testcase>
        <testcase name="tests::typed_cache::typed_cache_single_flight_uses_namespaced_key" classname="hydracache" timestamp="2026-09-11T13:23:49.881+02:00" time="0.015">
        </testcase>
        <testcase name="tests::typed_cache::typed_cache_remove_contains_ttl_and_flush_delegate_to_shared_cache" classname="hydracache" timestamp="2026-09-11T13:23:49.881+02:00" time="0.045">
        </testcase>
        <testcase name="tests::local_cache::refresh_ahead_returns_fresh_hit_and_refreshes_in_background" classname="hydracache" timestamp="2026-09-11T13:23:49.748+02:00" time="0.186">
        </testcase>
    </testsuite>
    <testsuite name="hydracache::active_active" tests="7" disabled="0" errors="0" failures="0">
        <testcase name="active_active_hlc_tiebreak_is_not_wall_clock_authority" classname="hydracache::active_active" timestamp="2026-09-11T13:23:49.894+02:00" time="0.003">
        </testcase>
        <testcase name="active_active_home_region_only_rejects_remote_local_write" classname="hydracache::active_active" timestamp="2026-09-11T13:23:49.897+02:00" time="0.003">
        </testcase>
        <testcase name="active_active_intra_region_ryow_unchanged" classname="hydracache::active_active" timestamp="2026-09-11T13:23:49.897+02:00" time="0.003">
        </testcase>
        <testcase name="active_active_local_write_acks_without_crossing_wan" classname="hydracache::active_active" timestamp="2026-09-11T13:23:49.900+02:00" time="0.003">
        </testcase>
        <testcase name="active_active_record_merge_still_prefers_epoch_version_over_hlc" classname="hydracache::active_active" timestamp="2026-09-11T13:23:49.900+02:00" time="0.003">
        </testcase>
        <testcase name="active_active_regions_converge_after_propagation" classname="hydracache::active_active" timestamp="2026-09-11T13:23:49.902+02:00" time="0.003">
        </testcase>
        <testcase name="active_active_requires_explicit_ack" classname="hydracache::active_active" timestamp="2026-09-11T13:23:49.903+02:00" time="0.003">
        </testcase>
    </testsuite>
    <testsuite name="hydracache::admission" tests="4" disabled="0" errors="0" failures="0">
        <testcase name="admission_count_and_memory_permits_are_released" classname="hydracache::admission" timestamp="2026-09-11T13:23:49.905+02:00" time="0.003">
        </testcase>
        <testcase name="admission_fifo_backlog_promotes_oldest_first" classname="hydracache::admission" timestamp="2026-09-11T13:23:49.906+02:00" time="0.003">
        </testcase>
        <testcase name="admission_overload_is_shed_with_retryable_backpressure_not_unbounded_queue" classname="hydracache::admission" timestamp="2026-09-11T13:23:49.908+02:00" time="0.003">
        </testcase>
        <testcase name="admission_rejects_single_request_larger_than_memory_budget" classname="hydracache::admission" timestamp="2026-09-11T13:23:49.909+02:00" time="0.003">
        </testcase>
    </testsuite>
    <testsuite name="hydracache::adr_presence" tests="1" disabled="0" errors="0" failures="0">
        <testcase name="adr_presence_files_exist_and_are_linked" classname="hydracache::adr_presence" timestamp="2026-09-11T13:23:49.911+02:00" time="0.003">
        </testcase>
    </testsuite>
    <testsuite name="hydracache::allocation_profile" tests="6" disabled="0" errors="0" failures="0">
        <testcase name="allocation_scope_detects_a_retained_vector_and_peak" classname="hydracache::allocation_profile" timestamp="2026-09-11T13:23:49.913+02:00" time="0.004">
        </testcase>
        <testcase name="allocation_scope_drop_disables_counting_during_unwind" classname="hydracache::allocation_profile" timestamp="2026-09-11T13:23:49.914+02:00" time="0.003">
        </testcase>
        <testcase name="allocation_scope_ignores_unrelated_thread_allocations" classname="hydracache::allocation_profile" timestamp="2026-09-11T13:23:49.916+02:00" time="0.003">
        </testcase>
        <testcase name="allocation_scope_reports_released_vector_as_not_live" classname="hydracache::allocation_profile" timestamp="2026-09-11T13:23:49.918+02:00" time="0.004">
        </testcase>
        <testcase name="geometric_slope_verdict_distinguishes_growth_from_zero_or_bounded_plateau" classname="hydracache::allocation_profile" timestamp="2026-09-11T13:23:49.920+02:00" time="0.003">
        </testcase>
        <testcase name="prior_epoch_deallocation_is_not_charged_to_next_scope" classname="hydracache::allocation_profile" timestamp="2026-09-11T13:23:49.922+02:00" time="0.003">
        </testcase>
    </testsuite>
    <testsuite name="hydracache::anti_entropy" tests="4" disabled="0" errors="0" failures="0">
        <testcase name="anti_entropy_interval_is_normalized" classname="hydracache::anti_entropy" timestamp="2026-09-11T13:23:49.923+02:00" time="0.003">
        </testcase>
        <testcase name="lagging_backup_is_caught_up_by_task" classname="hydracache::anti_entropy" timestamp="2026-09-11T13:23:49.925+02:00" time="0.003">
        </testcase>
        <testcase name="repair_confirmation_unblocks_tombstone_gc" classname="hydracache::anti_entropy" timestamp="2026-09-11T13:23:49.926+02:00" time="0.003">
        </testcase>
        <testcase name="under_replicated_key_is_reported" classname="hydracache::anti_entropy" timestamp="2026-09-11T13:23:49.926+02:00" time="0.003">
        </testcase>
    </testsuite>
    <testsuite name="hydracache::atomic_invalidation" tests="4" disabled="0" errors="0" failures="0">
        <testcase name="atomic_invalidation_batch_version_beats_concurrent_single_writes" classname="hydracache::atomic_invalidation" timestamp="2026-09-11T13:23:49.928+02:00" time="0.003">
        </testcase>
        <testcase name="atomic_invalidation_cross_partition_batch_is_rejected_pointing_at_saga" classname="hydracache::atomic_invalidation" timestamp="2026-09-11T13:23:49.929+02:00" time="0.003">
        </testcase>
        <testcase name="atomic_invalidation_saga_fans_out_at_least_once_idempotently" classname="hydracache::atomic_invalidation" timestamp="2026-09-11T13:23:49.929+02:00" time="0.003">
        </testcase>
        <testcase name="atomic_invalidation_single_partition_batch_is_all_or_nothing" classname="hydracache::atomic_invalidation" timestamp="2026-09-11T13:23:49.931+02:00" time="0.003">
        </testcase>
    </testsuite>
    <testsuite name="hydracache::backup_restore" tests="4" disabled="0" errors="0" failures="0">
        <testcase name="backup_restore_full_backup_then_restore_roundtrip_is_identical" classname="hydracache::backup_restore" timestamp="2026-09-11T13:23:49.932+02:00" time="0.003">
        </testcase>
        <testcase name="backup_restore_corrupt_backup_is_detected_not_restored" classname="hydracache::backup_restore" timestamp="2026-09-11T13:23:49.932+02:00" time="0.003">
        </testcase>
        <testcase name="backup_restore_pitr_corruption_is_detected" classname="hydracache::backup_restore" timestamp="2026-09-11T13:23:49.934+02:00" time="0.003">
        </testcase>
        <testcase name="backup_restore_pitr_restores_to_chosen_point" classname="hydracache::backup_restore" timestamp="2026-09-11T13:23:49.934+02:00" time="0.003">
        </testcase>
    </testsuite>
    <testsuite name="hydracache::borrowed_cache_semantics" tests="3" disabled="0" errors="0" failures="0">
        <testcase name="no_row_is_silently_absent_from_execution" classname="hydracache::borrowed_cache_semantics" timestamp="2026-09-11T13:23:49.937+02:00" time="0.003">
        </testcase>
        <testcase name="canary_cache_semantics_runner_skips_a_listed_row" classname="hydracache::borrowed_cache_semantics" timestamp="2026-09-11T13:23:49.935+02:00" time="0.054">
        </testcase>
        <testcase name="borrowed_cache_semantics_rows_all_execute_and_match_manifest" classname="hydracache::borrowed_cache_semantics" timestamp="2026-09-11T13:23:49.935+02:00" time="0.054">
        </testcase>
    </testsuite>
    <testsuite name="hydracache::cache_core_concurrency_matrix" tests="5" disabled="0" errors="0" failures="0">
        <testcase name="cache_core_matrix_is_seed_deterministic_and_shrinkable" classname="hydracache::cache_core_concurrency_matrix" timestamp="2026-09-11T13:23:49.938+02:00" time="0.004">
        </testcase>
        <testcase name="canary_cache_matrix_allows_loader_completion_to_resurrect_invalidated_value" classname="hydracache::cache_core_concurrency_matrix" timestamp="2026-09-11T13:23:49.942+02:00" time="0.003">
        </testcase>
        <testcase name="cache_core_matrix_preserves_invalidation_and_singleflight_invariants" classname="hydracache::cache_core_concurrency_matrix" timestamp="2026-09-11T13:23:49.941+02:00" time="0.007">
        </testcase>
        <testcase name="loader_failure_cancellation_expiry_and_capacity_pressure_recover" classname="hydracache::cache_core_concurrency_matrix" timestamp="2026-09-11T13:23:49.946+02:00" time="0.030">
        </testcase>
        <testcase name="mass_same_tick_expiry_does_not_panic_or_starve" classname="hydracache::cache_core_concurrency_matrix" timestamp="2026-09-11T13:23:49.948+02:00" time="0.037">
        </testcase>
    </testsuite>
    <testsuite name="hydracache::cacheable_macro" tests="6" disabled="0" errors="0" failures="0">
        <testcase name="cacheable_attribute_caches_function_result" classname="hydracache::cacheable_macro" timestamp="2026-09-11T13:23:49.976+02:00" time="0.004">
        </testcase>
        <testcase name="cacheable_infallible_macro_caches_loader_result" classname="hydracache::cacheable_macro" timestamp="2026-09-11T13:23:49.980+02:00" time="0.004">
        </testcase>
        <testcase name="cacheable_macro_accepts_tag_set_expression" classname="hydracache::cacheable_macro" timestamp="2026-09-11T13:23:49.984+02:00" time="0.004">
        </testcase>
        <testcase name="cacheable_macro_accepts_tags_expression" classname="hydracache::cacheable_macro" timestamp="2026-09-11T13:23:49.985+02:00" time="0.004">
        </testcase>
        <testcase name="cacheable_macro_caches_loader_result" classname="hydracache::cacheable_macro" timestamp="2026-09-11T13:23:49.988+02:00" time="0.003">
        </testcase>
        <testcase name="cacheable_macro_applies_tags_and_ttl" classname="hydracache::cacheable_macro" timestamp="2026-09-11T13:23:49.988+02:00" time="0.035">
        </testcase>
    </testsuite>
    <testsuite name="hydracache::cancellation_safety" tests="2" disabled="0" errors="0" failures="0">
        <testcase name="cache_drop_at_registered_boundaries_preserves_state_and_permit_baseline" classname="hydracache::cancellation_safety" timestamp="2026-09-11T13:23:49.989+02:00" time="0.004">
        </testcase>
        <testcase name="dropped_singleflight_loader_does_not_poison_the_slot" classname="hydracache::cancellation_safety" timestamp="2026-09-11T13:23:49.992+02:00" time="0.004">
        </testcase>
    </testsuite>
    <testsuite name="hydracache::capacity_autoscale" tests="9" disabled="0" errors="0" failures="0">
        <testcase name="capacity_autoscale_dwell_window_holds_even_under_pressure" classname="hydracache::capacity_autoscale" timestamp="2026-09-11T13:23:49.993+02:00" time="0.003">
        </testcase>
        <testcase name="capacity_autoscale_intent_outside_compat_window_is_refused" classname="hydracache::capacity_autoscale" timestamp="2026-09-11T13:23:49.996+02:00" time="0.003">
        </testcase>
        <testcase name="capacity_autoscale_intent_breaking_quorum_is_rejected" classname="hydracache::capacity_autoscale" timestamp="2026-09-11T13:23:49.996+02:00" time="0.003">
        </testcase>
        <testcase name="capacity_autoscale_scale_in_drains_before_removal" classname="hydracache::capacity_autoscale" timestamp="2026-09-11T13:23:49.999+02:00" time="0.003">
        </testcase>
        <testcase name="capacity_autoscale_intent_violating_zone_spread_is_rejected" classname="hydracache::capacity_autoscale" timestamp="2026-09-11T13:23:49.999+02:00" time="0.003">
        </testcase>
        <testcase name="capacity_autoscale_scale_out_counts_toward_quorum_only_after_backfill" classname="hydracache::capacity_autoscale" timestamp="2026-09-11T13:23:50.002+02:00" time="0.003">
        </testcase>
        <testcase name="capacity_autoscale_signal_recommends_rebalance_for_hot_partition_skew" classname="hydracache::capacity_autoscale" timestamp="2026-09-11T13:23:50.003+02:00" time="0.003">
        </testcase>
        <testcase name="capacity_autoscale_signal_recommends_scale_in_after_dwell" classname="hydracache::capacity_autoscale" timestamp="2026-09-11T13:23:50.006+02:00" time="0.003">
        </testcase>
        <testcase name="capacity_autoscale_signal_recommends_scale_out_under_memory_pressure" classname="hydracache::capacity_autoscale" timestamp="2026-09-11T13:23:50.006+02:00" time="0.003">
        </testcase>
    </testsuite>
    <testsuite name="hydracache::causal_consistency" tests="5" disabled="0" errors="0" failures="0">
        <testcase name="causal_consistency_dependent_write_defers_until_dependencies_applied" classname="hydracache::causal_consistency" timestamp="2026-09-11T13:23:50.009+02:00" time="0.003">
        </testcase>
        <testcase name="causal_consistency_effect_not_visible_before_cause_across_regions" classname="hydracache::causal_consistency" timestamp="2026-09-11T13:23:50.009+02:00" time="0.003">
        </testcase>
        <testcase name="causal_consistency_metadata_is_gced_after_stability" classname="hydracache::causal_consistency" timestamp="2026-09-11T13:23:50.012+02:00" time="0.003">
        </testcase>
        <testcase name="causal_consistency_summary_from_watermark_preserves_read_dependencies" classname="hydracache::causal_consistency" timestamp="2026-09-11T13:23:50.012+02:00" time="0.003">
        </testcase>
        <testcase name="causal_consistency_summary_overflow_degrades_conservatively_not_dropped" classname="hydracache::causal_consistency" timestamp="2026-09-11T13:23:50.015+02:00" time="0.003">
        </testcase>
    </testsuite>
    <testsuite name="hydracache::cluster_checkpoint" tests="5" disabled="0" errors="0" failures="0">
        <testcase name="checkpoint_constructor_and_verifier_reject_every_partial_or_corrupt_cut" classname="hydracache::cluster_checkpoint" timestamp="2026-09-11T13:23:50.015+02:00" time="0.003">
        </testcase>
        <testcase name="cluster_checkpoint_is_a_consistent_cut" classname="hydracache::cluster_checkpoint" timestamp="2026-09-11T13:23:50.018+02:00" time="0.003">
        </testcase>
        <testcase name="checkpoint_restore_reconciles_with_epoch_version_authority" classname="hydracache::cluster_checkpoint" timestamp="2026-09-11T13:23:50.018+02:00" time="0.003">
        </testcase>
        <testcase name="unknown_future_checkpoint_format_refuses_to_restore" classname="hydracache::cluster_checkpoint" timestamp="2026-09-11T13:23:50.021+02:00" time="0.003">
        </testcase>
        <testcase name="rescale_with_checkpoint_loses_no_committed_write" classname="hydracache::cluster_checkpoint" timestamp="2026-09-11T13:23:50.021+02:00" time="0.005">
        </testcase>
    </testsuite>
    <testsuite name="hydracache::cluster_counters_partition" tests="9" disabled="0" errors="0" failures="0">
        <testcase name="hot_cache_hit_counter_increments_only_hot_path" classname="hydracache::cluster_counters_partition" timestamp="2026-09-11T13:23:50.024+02:00" time="0.003">
        </testcase>
        <testcase name="owner_load_counter_increments_only_owner_path" classname="hydracache::cluster_counters_partition" timestamp="2026-09-11T13:23:50.026+02:00" time="0.005">
        </testcase>
        <testcase name="owner_resolution_is_deterministic_for_same_topology" classname="hydracache::cluster_counters_partition" timestamp="2026-09-11T13:23:50.028+02:00" time="0.003">
        </testcase>
        <testcase name="partition_indirection_is_deterministic" classname="hydracache::cluster_counters_partition" timestamp="2026-09-11T13:23:50.028+02:00" time="0.004">
        </testcase>
        <testcase name="validate_replica_accepts_pilot_single_owner_shape" classname="hydracache::cluster_counters_partition" timestamp="2026-09-11T13:23:50.031+02:00" time="0.003">
        </testcase>
        <testcase name="validate_replica_rejects_min_replica_zero" classname="hydracache::cluster_counters_partition" timestamp="2026-09-11T13:23:50.032+02:00" time="0.003">
        </testcase>
        <testcase name="remote_fetch_counter_increments_only_remote_path" classname="hydracache::cluster_counters_partition" timestamp="2026-09-11T13:23:50.030+02:00" time="0.006">
        </testcase>
        <testcase name="validate_replica_rejects_quorum_above_rf" classname="hydracache::cluster_counters_partition" timestamp="2026-09-11T13:23:50.034+02:00" time="0.003">
        </testcase>
        <testcase name="validate_replica_rejects_quorum_zero" classname="hydracache::cluster_counters_partition" timestamp="2026-09-11T13:23:50.035+02:00" time="0.003">
        </testcase>
    </testsuite>
    <testsuite name="hydracache::cluster_component_lifecycle" tests="1" disabled="0" errors="0" failures="0">
        <testcase name="component_lifecycle_feeds_staging_health" classname="hydracache::cluster_component_lifecycle" timestamp="2026-09-11T13:23:50.023+02:00" time="0.005">
        </testcase>
    </testsuite>
    <testsuite name="hydracache::cluster_near_cache_repair" tests="5" disabled="0" errors="0" failures="0">
        <testcase name="conservative_invalidate_counter_is_reported" classname="hydracache::cluster_near_cache_repair" timestamp="2026-09-11T13:23:50.037+02:00" time="0.004">
        </testcase>
        <testcase name="duplicate_or_reordered_frame_does_not_break_watermark" classname="hydracache::cluster_near_cache_repair" timestamp="2026-09-11T13:23:50.039+02:00" time="0.003">
        </testcase>
        <testcase name="generation_change_clears_partition" classname="hydracache::cluster_near_cache_repair" timestamp="2026-09-11T13:23:50.042+02:00" time="0.004">
        </testcase>
        <testcase name="reorder_plus_restart_resolves_to_clear" classname="hydracache::cluster_near_cache_repair" timestamp="2026-09-11T13:23:50.042+02:00" time="0.003">
        </testcase>
        <testcase name="sequence_gap_triggers_conservative_invalidate" classname="hydracache::cluster_near_cache_repair" timestamp="2026-09-11T13:23:50.045+02:00" time="0.003">
        </testcase>
    </testsuite>
    <testsuite name="hydracache::cluster_ownership_stamp" tests="4" disabled="0" errors="0" failures="0">
        <testcase name="client_with_stale_stamp_can_detect_refresh_needed" classname="hydracache::cluster_ownership_stamp" timestamp="2026-09-11T13:23:50.046+02:00" time="0.003">
        </testcase>
        <testcase name="stamp_changes_when_members_change" classname="hydracache::cluster_ownership_stamp" timestamp="2026-09-11T13:23:50.048+02:00" time="0.004">
        </testcase>
        <testcase name="stamp_is_monotonic_nondecreasing" classname="hydracache::cluster_ownership_stamp" timestamp="2026-09-11T13:23:50.049+02:00" time="0.004">
        </testcase>
        <testcase name="topology_fence_keeps_epoch_authority_separate_from_stamp" classname="hydracache::cluster_ownership_stamp" timestamp="2026-09-11T13:23:50.052+02:00" time="0.003">
        </testcase>
    </testsuite>
    <testsuite name="hydracache::cluster_pilot_observability" tests="2" disabled="0" errors="0" failures="0">
        <testcase name="local_only_report_is_not_pilot_ready_but_is_serializable" classname="hydracache::cluster_pilot_observability" timestamp="2026-09-11T13:23:50.052+02:00" time="0.004">
        </testcase>
        <testcase name="metrics_increment_on_success_and_failure_paths" classname="hydracache::cluster_pilot_observability" timestamp="2026-09-11T13:23:50.055+02:00" time="0.004">
        </testcase>
    </testsuite>
    <testsuite name="hydracache::cluster_pilot_readiness" tests="8" disabled="0" errors="0" failures="0">
        <testcase name="not_ready_when_auth_missing" classname="hydracache::cluster_pilot_readiness" timestamp="2026-09-11T13:23:50.056+02:00" time="0.006">
        </testcase>
        <testcase name="not_ready_when_lifecycle_stopped" classname="hydracache::cluster_pilot_readiness" timestamp="2026-09-11T13:23:50.060+02:00" time="0.004">
        </testcase>
        <testcase name="not_ready_when_no_members" classname="hydracache::cluster_pilot_readiness" timestamp="2026-09-11T13:23:50.062+02:00" time="0.004">
        </testcase>
        <testcase name="not_ready_when_outside_supported_size" classname="hydracache::cluster_pilot_readiness" timestamp="2026-09-11T13:23:50.064+02:00" time="0.005">
        </testcase>
        <testcase name="not_ready_when_wire_not_strict" classname="hydracache::cluster_pilot_readiness" timestamp="2026-09-11T13:23:50.066+02:00" time="0.004">
        </testcase>
        <testcase name="pilot_ready_for_configured_topology" classname="hydracache::cluster_pilot_readiness" timestamp="2026-09-11T13:23:50.069+02:00" time="0.004">
        </testcase>
        <testcase name="pilot_report_contains_highlight_and_stable_shape" classname="hydracache::cluster_pilot_readiness" timestamp="2026-09-11T13:23:50.070+02:00" time="0.004">
        </testcase>
        <testcase name="posture_safe_with_auth_and_wire_or_declared_mesh" classname="hydracache::cluster_pilot_readiness" timestamp="2026-09-11T13:23:50.073+02:00" time="0.003">
        </testcase>
    </testsuite>
    <testsuite name="hydracache::cluster_quorum_barrier" tests="3" disabled="0" errors="0" failures="0">
        <testcase name="barrier_respects_generation" classname="hydracache::cluster_quorum_barrier" timestamp="2026-09-11T13:23:50.076+02:00" time="0.004">
        </testcase>
        <testcase name="barrier_falls_back_to_peer_fetch_on_timeout" classname="hydracache::cluster_quorum_barrier" timestamp="2026-09-11T13:23:50.074+02:00" time="0.007">
        </testcase>
        <testcase name="read_after_write_observes_own_write" classname="hydracache::cluster_quorum_barrier" timestamp="2026-09-11T13:23:50.080+02:00" time="0.004">
        </testcase>
    </testsuite>
    <testsuite name="hydracache::cluster_restart_rejoin_property" tests="4" disabled="0" errors="0" failures="0">
        <testcase name="diagnostics_show_generation_and_epoch_movement" classname="hydracache::cluster_restart_rejoin_property" timestamp="2026-09-11T13:23:50.081+02:00" time="0.003">
        </testcase>
        <testcase name="prop_rejoin_monotonically_advances_generation" classname="hydracache::cluster_restart_rejoin_property" timestamp="2026-09-11T13:23:50.084+02:00" time="0.009">
        </testcase>
        <testcase name="prop_stale_leave_rejected_targeted_case" classname="hydracache::cluster_restart_rejoin_property" timestamp="2026-09-11T13:23:50.093+02:00" time="0.003">
        </testcase>
        <testcase name="prop_stale_generation_never_publishes" classname="hydracache::cluster_restart_rejoin_property" timestamp="2026-09-11T13:23:50.084+02:00" time="0.071">
        </testcase>
    </testsuite>
    <testsuite name="hydracache::cluster_load_stability" tests="1" disabled="0" errors="0" failures="0">
        <testcase name="in_memory_cluster_stays_consistent_under_smoke_load" classname="hydracache::cluster_load_stability" timestamp="2026-09-11T13:23:50.037+02:00" time="0.059">
        </testcase>
    </testsuite>
    <testsuite name="hydracache::cluster_rollback_bypass" tests="3" disabled="0" errors="0" failures="0">
        <testcase name="disabling_read_through_stops_remote_peer_fetch" classname="hydracache::cluster_rollback_bypass" timestamp="2026-09-11T13:23:50.096+02:00" time="0.004">
        </testcase>
        <testcase name="health_report_shows_degraded_cluster_mode" classname="hydracache::cluster_rollback_bypass" timestamp="2026-09-11T13:23:50.096+02:00" time="0.003">
        </testcase>
        <testcase name="local_only_fallback_works_without_cluster_runtime" classname="hydracache::cluster_rollback_bypass" timestamp="2026-09-11T13:23:50.099+02:00" time="0.004">
        </testcase>
    </testsuite>
    <testsuite name="hydracache::cluster_routing_mode" tests="3" disabled="0" errors="0" failures="0">
        <testcase name="direct_degrades_when_read_through_disabled" classname="hydracache::cluster_routing_mode" timestamp="2026-09-11T13:23:50.100+02:00" time="0.003">
        </testcase>
        <testcase name="direct_routes_to_computed_owner_path" classname="hydracache::cluster_routing_mode" timestamp="2026-09-11T13:23:50.103+02:00" time="0.003">
        </testcase>
        <testcase name="single_endpoint_always_uses_gateway_path" classname="hydracache::cluster_routing_mode" timestamp="2026-09-11T13:23:50.103+02:00" time="0.003">
        </testcase>
    </testsuite>
    <testsuite name="hydracache::cluster_staging_gate" tests="10" disabled="0" errors="0" failures="0">
        <testcase name="cluster_staging_gate_owner_load_hydrates_near_cache" classname="hydracache::cluster_staging_gate" timestamp="2026-09-11T13:23:50.107+02:00" time="0.005">
        </testcase>
        <testcase name="cluster_staging_gate_peer_fetch_auth_and_wire_checks" classname="hydracache::cluster_staging_gate" timestamp="2026-09-11T13:23:50.111+02:00" time="0.006">
        </testcase>
        <testcase name="cluster_staging_gate_health_summary_is_clean" classname="hydracache::cluster_staging_gate" timestamp="2026-09-11T13:23:50.106+02:00" time="0.050">
        </testcase>
        <testcase name="cluster_staging_gate_rejects_stale_generation_publish" classname="hydracache::cluster_staging_gate" timestamp="2026-09-11T13:23:50.155+02:00" time="0.005">
        </testcase>
        <testcase name="gossip_reset_increments_reset_count_and_sets_tombstone_age" classname="hydracache::cluster_staging_gate" timestamp="2026-09-11T13:23:50.157+02:00" time="0.005">
        </testcase>
        <testcase name="load_report_json_shape_is_stable" classname="hydracache::cluster_staging_gate" timestamp="2026-09-11T13:23:50.161+02:00" time="0.003">
        </testcase>
        <testcase name="cluster_staging_gate_propagates_invalidation_both_directions" classname="hydracache::cluster_staging_gate" timestamp="2026-09-11T13:23:50.117+02:00" time="0.050">
        </testcase>
        <testcase name="recent_gossip_reset_downgrades_health_to_degraded" classname="hydracache::cluster_staging_gate" timestamp="2026-09-11T13:23:50.168+02:00" time="0.005">
        </testcase>
        <testcase name="load_report_totals_equal_requests" classname="hydracache::cluster_staging_gate" timestamp="2026-09-11T13:23:50.164+02:00" time="0.042">
        </testcase>
        <testcase name="load_report_health_counters_are_zero_in_gate" classname="hydracache::cluster_staging_gate" timestamp="2026-09-11T13:23:50.160+02:00" time="0.103">
        </testcase>
    </testsuite>
    <testsuite name="hydracache::cluster_topology_fence" tests="4" disabled="0" errors="0" failures="0">
        <testcase name="gossip_suspect_does_not_change_owner_for_key" classname="hydracache::cluster_topology_fence" timestamp="2026-09-11T13:23:50.172+02:00" time="0.004">
        </testcase>
        <testcase name="late_packet_from_old_leader_does_not_resurrect_topology" classname="hydracache::cluster_topology_fence" timestamp="2026-09-11T13:23:50.176+02:00" time="0.003">
        </testcase>
        <testcase name="owner_set_deterministic_after_commit" classname="hydracache::cluster_topology_fence" timestamp="2026-09-11T13:23:50.179+02:00" time="0.004">
        </testcase>
        <testcase name="stale_epoch_message_dropped" classname="hydracache::cluster_topology_fence" timestamp="2026-09-11T13:23:50.183+02:00" time="0.003">
        </testcase>
    </testsuite>
    <testsuite name="hydracache::conditional_tombstone" tests="12" disabled="0" errors="0" failures="0">
        <testcase name="remove_if_value_mismatch_leaves_record_untouched" classname="hydracache::conditional_tombstone" timestamp="2026-09-11T13:23:50.206+02:00" time="0.004">
        </testcase>
        <testcase name="remove_if_value_writes_tombstone_at_new_version" classname="hydracache::conditional_tombstone" timestamp="2026-09-11T13:23:50.210+02:00" time="0.004">
        </testcase>
        <testcase name="removed_key_reads_as_absent_after_tombstone" classname="hydracache::conditional_tombstone" timestamp="2026-09-11T13:23:50.213+02:00" time="0.003">
        </testcase>
        <testcase name="replace_if_present_after_tombstone_is_mismatch_not_resurrection" classname="hydracache::conditional_tombstone" timestamp="2026-09-11T13:23:50.217+02:00" time="0.003">
        </testcase>
        <testcase name="ordering_safe_conditional_tombstone_watermark_reclaims_unique_deletes" classname="hydracache::conditional_tombstone" timestamp="2026-09-11T13:23:50.186+02:00" time="0.036">
        </testcase>
        <testcase name="replace_if_present_applies_only_when_live_value_exists" classname="hydracache::conditional_tombstone" timestamp="2026-09-11T13:23:50.220+02:00" time="0.003">
        </testcase>
        <testcase name="replace_if_present_on_absent_is_mismatch_not_insert" classname="hydracache::conditional_tombstone" timestamp="2026-09-11T13:23:50.222+02:00" time="0.004">
        </testcase>
        <testcase name="replicated_record_must_match_its_key_partition" classname="hydracache::conditional_tombstone" timestamp="2026-09-11T13:23:50.225+02:00" time="0.003">
        </testcase>
        <testcase name="tombstone_from_remove_if_value_is_not_resurrected_by_stale_put" classname="hydracache::conditional_tombstone" timestamp="2026-09-11T13:23:50.226+02:00" time="0.003">
        </testcase>
        <testcase name="tombstone_watermark_rejects_epoch_change_and_regression" classname="hydracache::conditional_tombstone" timestamp="2026-09-11T13:23:50.228+02:00" time="0.003">
        </testcase>
        <testcase name="tombstone_watermark_requires_every_effective_replica" classname="hydracache::conditional_tombstone" timestamp="2026-09-11T13:23:50.230+02:00" time="0.003">
        </testcase>
        <testcase name="tombstone_watermark_uses_the_slowest_replica_and_rejects_malformed_progress" classname="hydracache::conditional_tombstone" timestamp="2026-09-11T13:23:50.232+02:00" time="0.004">
        </testcase>
    </testsuite>
    <testsuite name="hydracache::conditional_writes" tests="6" disabled="0" errors="0" failures="0">
        <testcase name="conditional_writes_cas_at_consistency_one_is_refused" classname="hydracache::conditional_writes" timestamp="2026-09-11T13:23:50.233+02:00" time="0.004">
        </testcase>
        <testcase name="conditional_writes_cas_respects_tombstone_version" classname="hydracache::conditional_writes" timestamp="2026-09-11T13:23:50.236+02:00" time="0.003">
        </testcase>
        <testcase name="conditional_writes_compare_and_set_applies_only_on_match" classname="hydracache::conditional_writes" timestamp="2026-09-11T13:23:50.237+02:00" time="0.003">
        </testcase>
        <testcase name="conditional_writes_fenced_lock_rejects_stale_token" classname="hydracache::conditional_writes" timestamp="2026-09-11T13:23:50.240+02:00" time="0.003">
        </testcase>
        <testcase name="conditional_writes_multi_key_conditional_is_rejected_loud" classname="hydracache::conditional_writes" timestamp="2026-09-11T13:23:50.240+02:00" time="0.003">
        </testcase>
        <testcase name="conditional_writes_put_if_absent_is_linearizable_under_contention" classname="hydracache::conditional_writes" timestamp="2026-09-11T13:23:50.243+02:00" time="0.003">
        </testcase>
    </testsuite>
    <testsuite name="hydracache::consistency_levels" tests="6" disabled="0" errors="0" failures="0">
        <testcase name="consistency_levels_deployment_default_is_preserved_as_level" classname="hydracache::consistency_levels" timestamp="2026-09-11T13:23:50.243+02:00" time="0.004">
        </testcase>
        <testcase name="consistency_levels_each_quorum_requires_every_region" classname="hydracache::consistency_levels" timestamp="2026-09-11T13:23:50.246+02:00" time="0.004">
        </testcase>
        <testcase name="consistency_levels_local_quorum_counts_only_local_region" classname="hydracache::consistency_levels" timestamp="2026-09-11T13:23:50.247+02:00" time="0.003">
        </testcase>
        <testcase name="consistency_levels_quorum_read_after_quorum_write_is_read_your_writes" classname="hydracache::consistency_levels" timestamp="2026-09-11T13:23:50.250+02:00" time="0.003">
        </testcase>
        <testcase name="consistency_levels_required_acks_match_replica_math" classname="hydracache::consistency_levels" timestamp="2026-09-11T13:23:50.251+02:00" time="0.003">
        </testcase>
        <testcase name="consistency_levels_unsatisfiable_level_fails_not_degrades" classname="hydracache::consistency_levels" timestamp="2026-09-11T13:23:50.253+02:00" time="0.004">
        </testcase>
    </testsuite>
    <testsuite name="hydracache::consistency_modes" tests="2" disabled="0" errors="0" failures="0">
        <testcase name="applied_barrier_and_unsupported_mode_are_observable" classname="hydracache::consistency_modes" timestamp="2026-09-11T13:23:50.254+02:00" time="0.004">
        </testcase>
        <testcase name="consistency_modes_distinguish_fresh_degraded_timeout_and_fail_closed" classname="hydracache::consistency_modes" timestamp="2026-09-11T13:23:50.257+02:00" time="0.006">
        </testcase>
    </testsuite>
    <testsuite name="hydracache::convergence_staleness" tests="5" disabled="0" errors="0" failures="0">
        <testcase name="convergence_staleness_beyond_bound_escalates" classname="hydracache::convergence_staleness" timestamp="2026-09-11T13:23:50.258+02:00" time="0.005">
        </testcase>
        <testcase name="convergence_staleness_bounded_staleness_serves_fast_within_bound" classname="hydracache::convergence_staleness" timestamp="2026-09-11T13:23:50.264+02:00" time="0.004">
        </testcase>
        <testcase name="convergence_staleness_causal_mode_requires_full_session_watermark" classname="hydracache::convergence_staleness" timestamp="2026-09-11T13:23:50.264+02:00" time="0.005">
        </testcase>
        <testcase name="convergence_staleness_replicas_converge_to_one_value_without_new_writes" classname="hydracache::convergence_staleness" timestamp="2026-09-11T13:23:50.267+02:00" time="0.004">
        </testcase>
        <testcase name="convergence_staleness_bounded_staleness_never_serves_below_causal_floor" classname="hydracache::convergence_staleness" timestamp="2026-09-11T13:23:50.263+02:00" time="0.009">
        </testcase>
    </testsuite>
    <testsuite name="hydracache::crdt" tests="8" disabled="0" errors="0" failures="0">
        <testcase name="crdt_gcounter_merge_is_associative_commutative_idempotent" classname="hydracache::crdt" timestamp="2026-09-11T13:23:50.268+02:00" time="0.003">
        </testcase>
        <testcase name="crdt_lww_register_ties_break_by_writer" classname="hydracache::crdt" timestamp="2026-09-11T13:23:50.271+02:00" time="0.005">
        </testcase>
        <testcase name="crdt_lww_register_uses_hlc_not_wall_clock" classname="hydracache::crdt" timestamp="2026-09-11T13:23:50.271+02:00" time="0.005">
        </testcase>
        <testcase name="crdt_merge_stats_use_bounded_type_labels" classname="hydracache::crdt" timestamp="2026-09-11T13:23:50.271+02:00" time="0.007">
        </testcase>
        <testcase name="crdt_non_crdt_value_still_uses_merge_policy" classname="hydracache::crdt" timestamp="2026-09-11T13:23:50.276+02:00" time="0.003">
        </testcase>
        <testcase name="crdt_or_set_add_remove_converges" classname="hydracache::crdt" timestamp="2026-09-11T13:23:50.276+02:00" time="0.003">
        </testcase>
        <testcase name="crdt_pn_counter_converges_across_regions" classname="hydracache::crdt" timestamp="2026-09-11T13:23:50.279+02:00" time="0.004">
        </testcase>
        <testcase name="crdt_tombstone_beats_concurrent_crdt_update" classname="hydracache::crdt" timestamp="2026-09-11T13:23:50.280+02:00" time="0.003">
        </testcase>
    </testsuite>
    <testsuite name="hydracache::durability_default" tests="2" disabled="0" errors="0" failures="0">
        <testcase name="default_store_durability_state_machine_preserves_ack_and_queue_invariants" classname="hydracache::durability_default" timestamp="2026-09-11T13:23:50.280+02:00" time="0.006">
        </testcase>
        <testcase name="durability_snapshot_and_policy_failures_are_fail_closed" classname="hydracache::durability_default" timestamp="2026-09-11T13:23:50.282+02:00" time="0.003">
        </testcase>
    </testsuite>
    <testsuite name="hydracache::durability_write_path" tests="4" disabled="0" errors="0" failures="0">
        <testcase name="durability_write_path_async_bounded_backpressures_when_lag_exceeded" classname="hydracache::durability_write_path" timestamp="2026-09-11T13:23:50.283+02:00" time="0.051">
        </testcase>
        <testcase name="durability_write_path_ram_only_namespace_has_no_durable_writes" classname="hydracache::durability_write_path" timestamp="2026-09-11T13:23:50.286+02:00" time="0.056">
        </testcase>
        <testcase name="durability_write_path_scheduled_snapshot_records_epoch_watermark" classname="hydracache::durability_write_path" timestamp="2026-09-11T13:23:50.286+02:00" time="0.058">
        </testcase>
        <testcase name="durability_write_path_sync_durability_acks_after_fsync" classname="hydracache::durability_write_path" timestamp="2026-09-11T13:23:50.334+02:00" time="0.079">
        </testcase>
    </testsuite>
    <testsuite name="hydracache::durable_inspect" tests="2" disabled="0" errors="0" failures="0">
        <testcase name="corrupt_record_is_never_served" classname="hydracache::durable_inspect" timestamp="2026-09-11T13:23:50.342+02:00" time="0.058">
        </testcase>
        <testcase name="inspect_dumps_records_with_status" classname="hydracache::durable_inspect" timestamp="2026-09-11T13:23:50.344+02:00" time="0.057">
        </testcase>
    </testsuite>
    <testsuite name="hydracache::durable_maintenance" tests="5" disabled="0" errors="0" failures="0">
        <testcase name="compaction_reclaims_bytes_and_reports" classname="hydracache::durable_maintenance" timestamp="2026-09-11T13:23:50.400+02:00" time="0.048">
        </testcase>
        <testcase name="budget_is_exact_under_concurrent_gc" classname="hydracache::durable_maintenance" timestamp="2026-09-11T13:23:50.400+02:00" time="0.049">
        </testcase>
        <testcase name="maintenance_config_maps_to_policy_settings" classname="hydracache::durable_maintenance" timestamp="2026-09-11T13:23:50.449+02:00" time="0.005">
        </testcase>
        <testcase name="gc_never_resurrects_deleted_data" classname="hydracache::durable_maintenance" timestamp="2026-09-11T13:23:50.413+02:00" time="0.055">
        </testcase>
        <testcase name="tombstone_gc_reclaims_only_after_repair_gate" classname="hydracache::durable_maintenance" timestamp="2026-09-11T13:23:50.449+02:00" time="0.053">
        </testcase>
    </testsuite>
    <testsuite name="hydracache::durable_replicated_values" tests="8" disabled="0" errors="0" failures="0">
[...]
        </testcase>
        <testcase name="instruction_lock_sync_handles_a_workspace_version_boundary_without_registry_drift" classname="xtask::perf_ci_instruction" timestamp="2026-09-11T13:27:31.963+02:00" time="0.086">
        </testcase>
    </testsuite>
    <testsuite name="xtask::perf_exploratory_harness" tests="6" disabled="0" errors="0" failures="0">
        <testcase name="hazelcast_uses_one_named_distributed_map" classname="xtask::perf_exploratory_harness" timestamp="2026-09-11T13:27:31.972+02:00" time="0.003">
        </testcase>
        <testcase name="indicative_policy_and_report_are_non_authoritative_and_non_promotable" classname="xtask::perf_exploratory_harness" timestamp="2026-09-11T13:27:31.976+02:00" time="0.004">
        </testcase>
        <testcase name="indicative_renderer_emits_a_sealed_negative_claim_receipt" classname="xtask::perf_exploratory_harness" timestamp="2026-09-11T13:27:31.979+02:00" time="0.035">
        </testcase>
        <testcase name="memory_leak_runner_never_treats_rejected_hydra_flushall_as_reset" classname="xtask::perf_exploratory_harness" timestamp="2026-09-11T13:27:32.014+02:00" time="0.005">
        </testcase>
        <testcase name="relative_eight_runner_keeps_targets_workloads_and_provenance_explicit" classname="xtask::perf_exploratory_harness" timestamp="2026-09-11T13:27:32.019+02:00" time="0.004">
        </testcase>
        <testcase name="telemetry_keeps_raw_and_summary_metrics_distinct" classname="xtask::perf_exploratory_harness" timestamp="2026-09-11T13:27:32.023+02:00" time="0.005">
        </testcase>
    </testsuite>
    <testsuite name="xtask::perf_exploratory_reports" tests="3" disabled="0" errors="0" failures="0">
        <testcase name="archive_identity_and_release_boundary_are_explicit" classname="xtask::perf_exploratory_reports" timestamp="2026-09-11T13:27:32.028+02:00" time="0.003">
        </testcase>
        <testcase name="curated_index_covers_every_retained_report" classname="xtask::perf_exploratory_reports" timestamp="2026-09-11T13:27:32.031+02:00" time="0.005">
        </testcase>
        <testcase name="preparation_report_preserves_failures_without_exposing_retired_address" classname="xtask::perf_exploratory_reports" timestamp="2026-09-11T13:27:32.036+02:00" time="0.003">
        </testcase>
    </testsuite>
    <testsuite name="xtask::perf_full_dress_0671" tests="4" disabled="0" errors="0" failures="0">
        <testcase name="admission_requires_two_unique_identical_non_promotable_full_dress_runs" classname="xtask::perf_full_dress_0671" timestamp="2026-09-11T13:27:32.040+02:00" time="0.005">
        </testcase>
        <testcase name="canary_full_dress_admits_mixed_runner_receipts" classname="xtask::perf_full_dress_0671" timestamp="2026-09-11T13:27:32.045+02:00" time="0.004">
        </testcase>
        <testcase name="full_dress_context_is_manual_trusted_main_and_distinct_from_other_modes" classname="xtask::perf_full_dress_0671" timestamp="2026-09-11T13:27:32.050+02:00" time="0.003">
        </testcase>
        <testcase name="full_dress_and_bootstrap_execute_the_same_reference_families_in_order" classname="xtask::perf_full_dress_0671" timestamp="2026-09-11T13:27:32.049+02:00" time="0.017">
        </testcase>
    </testsuite>
    <testsuite name="xtask::perf_host_tuning" tests="6" disabled="0" errors="0" failures="0">
        <testcase name="host_tuning_is_allowlisted_reversible_and_fail_closed" classname="xtask::perf_host_tuning" timestamp="2026-09-11T13:27:32.053+02:00" time="0.007">
        </testcase>
        <testcase name="reference_irq_burn_in_uses_ubuntu_iputils_supported_ping_options" classname="xtask::perf_host_tuning" timestamp="2026-09-11T13:27:32.065+02:00" time="0.003">
        </testcase>
        <testcase name="reference_campaign_controller_is_serial_resumable_and_provider_safe" classname="xtask::perf_host_tuning" timestamp="2026-09-11T13:27:32.060+02:00" time="0.012">
        </testcase>
        <testcase name="rental_procurement_gate_names_owners_and_remains_non_evidence" classname="xtask::perf_host_tuning" timestamp="2026-09-11T13:27:32.069+02:00" time="0.004">
        </testcase>
        <testcase name="ubuntu_reference_profile_is_explicit_versioned_and_safe" classname="xtask::perf_host_tuning" timestamp="2026-09-11T13:27:32.073+02:00" time="0.003">
        </testcase>
        <testcase name="ubuntu_memory_only_profile_is_additive_explicit_and_non_ship" classname="xtask::perf_host_tuning" timestamp="2026-09-11T13:27:32.072+02:00" time="0.005">
        </testcase>
    </testsuite>
    <testsuite name="xtask::perf_local_orchestration_0671" tests="3" disabled="0" errors="0" failures="0">
        <testcase name="local_harness_is_pinned_non_promotable_and_covers_all_six_scenarios" classname="xtask::perf_local_orchestration_0671" timestamp="2026-09-11T13:27:32.077+02:00" time="0.004">
        </testcase>
        <testcase name="complete_full_dress_admission_and_bootstrap_chain_is_non_ship_evidence" classname="xtask::perf_local_orchestration_0671" timestamp="2026-09-11T13:27:32.076+02:00" time="0.006">
        </testcase>
        <testcase name="state_machine_rejects_truncation_unknown_fields_identity_drift_and_reordering" classname="xtask::perf_local_orchestration_0671" timestamp="2026-09-11T13:27:32.081+02:00" time="0.009">
        </testcase>
    </testsuite>
    <testsuite name="xtask::perf_prebuild_067" tests="8" disabled="0" errors="0" failures="0">
        <testcase name="consumer_gate_does_not_delete_the_prebuild_manifest" classname="xtask::perf_prebuild_067" timestamp="2026-09-11T13:27:32.090+02:00" time="0.033">
        </testcase>
        <testcase name="exact_toolchain_and_target_set_are_fail_closed" classname="xtask::perf_prebuild_067" timestamp="2026-09-11T13:27:32.123+02:00" time="0.006">
        </testcase>
        <testcase name="compile_time_is_excluded_from_measurement_window" classname="xtask::perf_prebuild_067" timestamp="2026-09-11T13:27:32.082+02:00" time="0.047">
        </testcase>
        <testcase name="measurement_refuses_missing_or_mismatched_prebuild_manifest" classname="xtask::perf_prebuild_067" timestamp="2026-09-11T13:27:32.129+02:00" time="0.034">
        </testcase>
        <testcase name="prebuild_manifest_hash_binds_resp_reference_inputs" classname="xtask::perf_prebuild_067" timestamp="2026-09-11T13:27:32.129+02:00" time="0.041">
        </testcase>
        <testcase name="prebuild_rejects_dirty_or_changed_source_without_artifacts" classname="xtask::perf_prebuild_067" timestamp="2026-09-11T13:27:32.170+02:00" time="0.006">
        </testcase>
        <testcase name="prebuild_publishes_atomic_two_artifact_commit_marker" classname="xtask::perf_prebuild_067" timestamp="2026-09-11T13:27:32.163+02:00" time="0.032">
        </testcase>
        <testcase name="prebuilt_binary_mutation_invalidates_the_prebuild_bundle" classname="xtask::perf_prebuild_067" timestamp="2026-09-11T13:27:32.176+02:00" time="0.035">
        </testcase>
    </testsuite>
    <testsuite name="xtask::perf_qualification_0671" tests="3" disabled="0" errors="0" failures="0">
        <testcase name="canary_qualification_accepts_a_vm_with_the_custom_label" classname="xtask::perf_qualification_0671" timestamp="2026-09-11T13:27:32.195+02:00" time="0.004">
        </testcase>
        <testcase name="qualification_context_rejects_untrusted_events_refs_forks_dirty_and_mismatched_sha" classname="xtask::perf_qualification_0671" timestamp="2026-09-11T13:27:32.199+02:00" time="0.003">
        </testcase>
        <testcase name="qualification_workflow_is_manual_bounded_serialized_and_non_promotable" classname="xtask::perf_qualification_0671" timestamp="2026-09-11T13:27:32.203+02:00" time="0.020">
        </testcase>
    </testsuite>
    <testsuite name="xtask::perf_reference_0671" tests="12" disabled="0" errors="0" failures="0">
        <testcase name="bootstrap_accepts_scenario_eligible_spread_but_activation_stays_at_five_percent" classname="xtask::perf_reference_0671" timestamp="2026-09-11T13:27:32.223+02:00" time="0.083">
        </testcase>
        <testcase name="canary_frozen_candidate_accepts_stale_activation_identity" classname="xtask::perf_reference_0671" timestamp="2026-09-11T13:27:32.306+02:00" time="0.004">
        </testcase>
        <testcase name="canary_reference_activation_accepts_candidate_self_baseline" classname="xtask::perf_reference_0671" timestamp="2026-09-11T13:27:32.309+02:00" time="0.003">
        </testcase>
        <testcase name="canary_reference_review_accepts_silent_numerical_rebaseline" classname="xtask::perf_reference_0671" timestamp="2026-09-11T13:27:32.313+02:00" time="0.003">
        </testcase>
        <testcase name="frozen_candidate_gate_is_wired_to_full_pipeline" classname="xtask::perf_reference_0671" timestamp="2026-09-11T13:27:32.316+02:00" time="0.016">
        </testcase>
        <testcase name="frozen_candidate_validates_the_typed_budget_verdict_receipt" classname="xtask::perf_reference_0671" timestamp="2026-09-11T13:27:32.332+02:00" time="0.004">
        </testcase>
        <testcase name="independent_review_binds_exact_proposal_and_rejects_same_identity" classname="xtask::perf_reference_0671" timestamp="2026-09-11T13:27:32.336+02:00" time="0.004">
        </testcase>
        <testcase name="live_budget_checks_precede_destructive_tmpfs_materialization" classname="xtask::perf_reference_0671" timestamp="2026-09-11T13:27:32.340+02:00" time="0.004">
        </testcase>
        <testcase name="reference_proposal_rejects_a_broken_five_sample_chain" classname="xtask::perf_reference_0671" timestamp="2026-09-11T13:27:32.343+02:00" time="0.010">
        </testcase>
        <testcase name="reference_proposal_uses_all_five_samples_and_median_not_fastest" classname="xtask::perf_reference_0671" timestamp="2026-09-11T13:27:32.353+02:00" time="0.082">
        </testcase>
        <testcase name="activation_is_fail_closed_against_self_baseline_and_unreviewed_drift" classname="xtask::perf_reference_0671" timestamp="2026-09-11T13:27:32.211+02:00" time="0.333">
        </testcase>
        <testcase name="reviewed_reference_accepts_zero_for_a_ceiling_metric" classname="xtask::perf_reference_0671" timestamp="2026-09-11T13:27:32.435+02:00" time="0.296">
        </testcase>
    </testsuite>
    <testsuite name="xtask::perf_runner_0671" tests="3" disabled="0" errors="0" failures="0">
        <testcase name="provisioning_gate_executes_the_reviewed_script_without_shell_indirection" classname="xtask::perf_runner_0671" timestamp="2026-09-11T13:27:32.458+02:00" time="0.020">
        </testcase>
        <testcase name="runner_contract_has_exact_offline_lifecycle_and_public_labels" classname="xtask::perf_runner_0671" timestamp="2026-09-11T13:27:32.478+02:00" time="0.004">
        </testcase>
        <testcase name="runner_runbook_and_helpers_are_fail_closed_and_secret_free" classname="xtask::perf_runner_0671" timestamp="2026-09-11T13:27:32.482+02:00" time="0.009">
        </testcase>
    </testsuite>
    <testsuite name="xtask::quarantine" tests="6" disabled="0" errors="0" failures="0">
        <testcase name="empty_quarantine_registry_is_valid" classname="xtask::quarantine" timestamp="2026-09-11T13:27:32.544+02:00" time="0.004">
        </testcase>
        <testcase name="quarantine_registry_is_a_forward_compatible_release_baseline" classname="xtask::quarantine" timestamp="2026-09-11T13:27:32.553+02:00" time="0.004">
        </testcase>
        <testcase name="quarantine_registry_rejects_missing_issue_owner_replay_or_expiry" classname="xtask::quarantine" timestamp="2026-09-11T13:27:32.557+02:00" time="0.004">
        </testcase>
        <testcase name="quarantine_check_rejects_overdue_or_incomplete_entries_and_ship_rejects_all_active_entries" classname="xtask::quarantine" timestamp="2026-09-11T13:27:32.549+02:00" time="0.013">
        </testcase>
        <testcase name="quarantine_rejects_unknown_gates_duplicate_ids_and_windows_over_24_hours" classname="xtask::quarantine" timestamp="2026-09-11T13:27:32.560+02:00" time="0.004">
        </testcase>
        <testcase name="release_ship_gate_rejects_every_active_quarantine" classname="xtask::quarantine" timestamp="2026-09-11T13:27:32.561+02:00" time="0.004">
        </testcase>
    </testsuite>
    <testsuite name="xtask::performance_contract_067" tests="1" disabled="0" errors="0" failures="0">
        <testcase name="release_067_governance_contract_is_fail_closed" classname="xtask::performance_contract_067" timestamp="2026-09-11T13:27:32.491+02:00" time="0.073">
        </testcase>
    </testsuite>
    <testsuite name="xtask::raft_spec_check" tests="2" disabled="0" errors="0" failures="0">
        <testcase name="main_model_cannot_import_the_negative_canary" classname="xtask::raft_spec_check" timestamp="2026-09-11T13:27:32.564+02:00" time="0.004">
        </testcase>
        <testcase name="raft_spec_structural_contract_maps_every_invariant_to_rust_evidence" classname="xtask::raft_spec_check" timestamp="2026-09-11T13:27:32.564+02:00" time="0.005">
        </testcase>
    </testsuite>
    <testsuite name="xtask::release_evidence" tests="10" disabled="0" errors="0" failures="0">
        <testcase name="final_aggregator_requires_exact_candidate_receipts_and_artifact_hashes" classname="xtask::release_evidence" timestamp="2026-09-11T13:27:32.567+02:00" time="0.055">
        </testcase>
        <testcase name="release_evidence_rejects_dirty_receipts_and_path_traversal" classname="xtask::release_evidence" timestamp="2026-09-11T13:27:32.732+02:00" time="0.034">
        </testcase>
        <testcase name="release_evidence_rejects_handwritten_green_status_and_tampered_artifact_hash" classname="xtask::release_evidence" timestamp="2026-09-11T13:27:32.765+02:00" time="0.030">
        </testcase>
        <testcase name="release_evidence_marks_missing_skipped_stale_or_wrong_commit_receipts_non_green" classname="xtask::release_evidence" timestamp="2026-09-11T13:27:32.569+02:00" time="0.424">
        </testcase>
        <testcase name="release_evidence_template_cannot_borrow_equal_w_ids_from_the_0_64_registry" classname="xtask::release_evidence" timestamp="2026-09-11T13:27:32.993+02:00" time="0.006">
        </testcase>
        <testcase name="release_evidence_never_reuses_canaries_with_equal_ids_from_an_older_release" classname="xtask::release_evidence" timestamp="2026-09-11T13:27:32.622+02:00" time="0.389">
        </testcase>
        <testcase name="release_evidence_template_preserves_dynamic_canary_selection" classname="xtask::release_evidence" timestamp="2026-09-11T13:27:32.999+02:00" time="0.013">
        </testcase>
        <testcase name="release_evidence_template_rejects_a_mislabeled_release_registry" classname="xtask::release_evidence" timestamp="2026-09-11T13:27:33.011+02:00" time="0.004">
        </testcase>
        <testcase name="release_evidence_reports_every_manifest_work_item_exactly_once" classname="xtask::release_evidence" timestamp="2026-09-11T13:27:32.795+02:00" time="0.391">
        </testcase>
        <testcase name="explicit_flip_sentinel_policy_can_advance_without_an_unrelated_dynamic_registry" classname="xtask::release_evidence" timestamp="2026-09-11T13:27:32.565+02:00" time="1.067">
        </testcase>
    </testsuite>
    <testsuite name="xtask::release_governance" tests="20" disabled="0" errors="0" failures="0">
        <testcase name="canary_release_0671_governance_accepts_a_missing_stage_gate" classname="xtask::release_governance" timestamp="2026-09-11T13:27:33.013+02:00" time="0.021">
        </testcase>
        <testcase name="canary_release_governance_accepts_a_missing_deferred_performance_gate" classname="xtask::release_governance" timestamp="2026-09-11T13:27:33.015+02:00" time="0.021">
        </testcase>
        <testcase name="canary_release_governance_accepts_a_missing_mandatory_gate" classname="xtask::release_governance" timestamp="2026-09-11T13:27:33.034+02:00" time="0.021">
        </testcase>
        <testcase name="crates_io_probe_identifies_itself_and_retries_transient_responses" classname="xtask::release_governance" timestamp="2026-09-11T13:27:33.055+02:00" time="0.005">
        </testcase>
        <testcase name="post_publish_consumer_tracks_the_current_public_api" classname="xtask::release_governance" timestamp="2026-09-11T13:27:33.186+02:00" time="0.006">
        </testcase>
        <testcase name="publish_order_keeps_workspace_dev_and_build_dependencies" classname="xtask::release_governance" timestamp="2026-09-11T13:27:33.192+02:00" time="0.004">
        </testcase>
        <testcase name="release_066_registered_heavy_gates_are_mandatory_and_fail_closed" classname="xtask::release_governance" timestamp="2026-09-11T13:27:33.196+02:00" time="0.024">
        </testcase>
        <testcase name="release_0671_core_suite_reuses_one_validated_context_for_w4b_and_w5c" classname="xtask::release_governance" timestamp="2026-09-11T13:27:33.220+02:00" time="0.004">
        </testcase>
        <testcase name="release_0671_governance_contract_is_fail_closed" classname="xtask::release_governance" timestamp="2026-09-11T13:27:33.224+02:00" time="0.021">
        </testcase>
        <testcase name="release_067_deferred_performance_gates_remain_registered_and_fail_closed" classname="xtask::release_governance" timestamp="2026-09-11T13:27:33.245+02:00" time="0.024">
        </testcase>
        <testcase name="release_069_receipt_and_admission_commands_are_fail_closed" classname="xtask::release_governance" timestamp="2026-09-11T13:27:33.268+02:00" time="0.202">
        </testcase>
        <testcase name="release_compatibility_jobs_fetch_the_baseline_tag_and_ancestry" classname="xtask::release_governance" timestamp="2026-09-11T13:27:33.470+02:00" time="0.029">
        </testcase>
        <testcase name="performance_lane_requires_protected_self_hosted_labels_and_serial_concurrency" classname="xtask::release_governance" timestamp="2026-09-11T13:27:33.060+02:00" time="0.477">
        </testcase>
        <testcase name="ci_wires_fast_and_raft_corner_case_tiers_to_declared_commands" classname="xtask::release_governance" timestamp="2026-09-11T13:27:33.036+02:00" time="1.248">
        </testcase>
        <testcase name="release_governance_check_accepts_release_069_independent_evidence_wiring" classname="xtask::release_governance" timestamp="2026-09-11T13:27:33.538+02:00" time="8.463">
        </testcase>
        <testcase name="release_governance_check_accepts_current_structural_meta_gates" classname="xtask::release_governance" timestamp="2026-09-11T13:27:33.500+02:00" time="8.512">
        </testcase>
        <testcase name="release_governance_check_accepts_the_explicit_0_66_fast_wiring" classname="xtask::release_governance" timestamp="2026-09-11T13:27:33.632+02:00" time="8.407">
        </testcase>
        <testcase name="runtime_reports_are_gate_artifacts_not_committed_manifest_artifacts" classname="xtask::release_governance" timestamp="2026-09-11T13:27:42.012+02:00" time="0.028">
        </testcase>
        <testcase name="release_governance_check_rejects_an_unwired_or_missing_meta_gate" classname="xtask::release_governance" timestamp="2026-09-11T13:27:42.001+02:00" time="0.053">
        </testcase>
        <testcase name="release_governance_check_accepts_the_explicit_0_70_fast_wiring" classname="xtask::release_governance" timestamp="2026-09-11T13:27:34.285+02:00" time="8.046">
        </testcase>
    </testsuite>
    <testsuite name="xtask::tsan_check" tests="2" disabled="0" errors="0" failures="0">
        <testcase name="tsan_red_canary_evidence_requires_nonzero_and_normalized_race_signature" classname="xtask::tsan_check" timestamp="2026-09-11T13:27:42.039+02:00" time="0.004">
        </testcase>
        <testcase name="tsan_structural_contract_pins_toolchain_and_isolates_race_canary" classname="xtask::tsan_check" timestamp="2026-09-11T13:27:42.040+02:00" time="0.022">
        </testcase>
    </testsuite>
</testsuites>
